2024-04-09T12:46:42.166+0800	ERROR	api/blog_unlisted.go:418	unexpected end of JSON input
2024-04-09T12:48:48.753+0800	ERROR	api/blog_unlisted.go:403	json: cannot unmarshal object into Go struct field Blog_Search.Previous of type string
2024-04-09T12:51:38.589+0800	ERROR	api/blog_unlisted.go:444	rpc error: code = Unknown desc = elastic: Error 400 (Bad Request): Expected [VALUE_STRING] or [VALUE_NUMBER] or [VALUE_BOOLEAN] or [VALUE_NULL] but found [START_ARRAY] inside search_after. [type=parsing_exception]
2024-04-09T12:51:40.766+0800	ERROR	api/blog_unlisted.go:444	rpc error: code = Unknown desc = elastic: Error 400 (Bad Request): Expected [VALUE_STRING] or [VALUE_NUMBER] or [VALUE_BOOLEAN] or [VALUE_NULL] but found [START_ARRAY] inside search_after. [type=parsing_exception]
2024-04-09T12:54:07.736+0800	ERROR	api/blog_unlisted.go:444	rpc error: code = Unknown desc = elastic: Error 400 (Bad Request): Expected [VALUE_STRING] or [VALUE_NUMBER] or [VALUE_BOOLEAN] or [VALUE_NULL] but found [START_ARRAY] inside search_after. [type=parsing_exception]
2024-04-09T13:21:09.525+0800	ERROR	api/blog_unlisted.go:444	rpc error: code = Unavailable desc = connection error: desc = "transport: Error while dialing: dial tcp [::1]:50052: connectex: No connection could be made because the target machine actively refused it."
2024-04-09T13:21:27.144+0800	ERROR	api/blog_unlisted.go:444	rpc error: code = Unknown desc = elastic: Error 400 (Bad Request): Expected [VALUE_STRING] or [VALUE_NUMBER] or [VALUE_BOOLEAN] or [VALUE_NULL] but found [START_ARRAY] inside search_after. [type=parsing_exception]
2024-04-09T18:39:05.100+0800	INFO	web/main.go:13	配置文件读取完毕
2024-04-10T13:38:55.709+0800	INFO	web/main.go:13	配置文件读取完毕
2024-04-10T16:45:21.601+0800	INFO	web/main.go:13	配置文件读取完毕
2024-04-10T16:46:08.382+0800	ERROR	api/blogs_listed.go:691	json: cannot unmarshal string into Go struct field Blog_Search.Code of type int
2024-04-10T16:47:20.338+0800	ERROR	api/blogs_listed.go:691	json: cannot unmarshal string into Go struct field Blog_Search.Code of type int
2024-04-10T16:47:22.619+0800	ERROR	api/blogs_listed.go:691	json: cannot unmarshal string into Go struct field Blog_Search.Code of type int
2024-04-12T12:26:54.879+0800	INFO	web/main.go:13	配置文件读取完毕
2024-04-12T12:39:30.580+0800	INFO	web/main.go:13	配置文件读取完毕
2024-04-12T12:41:27.167+0800	INFO	web/main.go:13	配置文件读取完毕
2024-04-12T12:53:49.655+0800	ERROR	api/blog_unlisted.go:164	rpc error: code = Unavailable desc = error reading from server: read tcp [::1]:56957->[::1]:50052: wsarecv: An existing connection was forcibly closed by the remote host.
2024-04-12T12:54:19.981+0800	ERROR	api/blog_unlisted.go:164	rpc error: code = Unavailable desc = error reading from server: read tcp [::1]:58082->[::1]:50052: wsarecv: An existing connection was forcibly closed by the remote host.
2024-04-15T09:51:14.499+0800	INFO	web/main.go:13	配置文件读取完毕
2024-04-15T10:09:20.571+0800	INFO	web/main.go:13	配置文件读取完毕
2024-04-15T10:46:55.478+0800	INFO	web/main.go:13	配置文件读取完毕
2024-04-15T11:05:20.742+0800	ERROR	api/blog_unlisted.go:202	json: cannot unmarshal object into Go struct field Blog_Main.Message of type string
2024-04-15T11:05:29.289+0800	ERROR	api/blog_unlisted.go:202	json: cannot unmarshal object into Go struct field Blog_Main.Message of type string
2024-04-15T11:09:07.756+0800	ERROR	api/blog_unlisted.go:162	rpc error: code = Unavailable desc = error reading from server: read tcp [::1]:53636->[::1]:50052: wsarecv: An existing connection was forcibly closed by the remote host.
2024-04-15T11:09:07.756+0800	ERROR	api/blog_unlisted.go:235	rpc error: code = Unavailable desc = error reading from server: read tcp [::1]:54551->[::1]:50052: wsarecv: An existing connection was forcibly closed by the remote host.
2024-04-15T11:09:07.756+0800	ERROR	api/blog_unlisted.go:162	rpc error: code = Unavailable desc = error reading from server: read tcp [::1]:53646->[::1]:50052: wsarecv: An existing connection was forcibly closed by the remote host.
2024-04-15T11:11:54.339+0800	INFO	web/main.go:13	配置文件读取完毕
2024-04-15T13:02:45.247+0800	ERROR	api/blog_unlisted.go:236	rpc error: code = Unavailable desc = error reading from server: read tcp [::1]:59061->[::1]:50052: wsarecv: An existing connection was forcibly closed by the remote host.
2024-04-15T13:03:16.401+0800	INFO	web/main.go:13	配置文件读取完毕
2024-04-15T13:03:27.413+0800	INFO	web/main.go:13	配置文件读取完毕
2024-04-15T13:03:27.461+0800	ERROR	web/main.go:17	启动服务器,端口%s失败:8081
2024-04-15T13:03:27.461+0800	PANIC	web/main.go:18	错误原因:listen tcp :8081: bind: Only one usage of each socket address (protocol/network address/port) is normally permitted.
2024-04-15T13:10:38.920+0800	INFO	web/main.go:13	配置文件读取完毕
2024-04-15T13:15:23.983+0800	ERROR	api/blog_unlisted.go:236	rpc error: code = Unavailable desc = error reading from server: read tcp [::1]:50465->[::1]:50052: wsarecv: An existing connection was forcibly closed by the remote host.
2024-04-15T13:19:41.165+0800	ERROR	api/blog_unlisted.go:236	rpc error: code = Unavailable desc = error reading from server: read tcp [::1]:50721->[::1]:50052: wsarecv: An existing connection was forcibly closed by the remote host.
2024-04-15T13:21:51.981+0800	ERROR	api/blog_unlisted.go:236	rpc error: code = Unavailable desc = error reading from server: read tcp [::1]:50852->[::1]:50052: wsarecv: An existing connection was forcibly closed by the remote host.
2024-04-15T13:25:55.976+0800	ERROR	api/blog_unlisted.go:236	rpc error: code = Unavailable desc = error reading from server: read tcp [::1]:51028->[::1]:50052: wsarecv: An existing connection was forcibly closed by the remote host.
2024-04-15T13:27:54.992+0800	ERROR	api/blog_unlisted.go:236	rpc error: code = Unavailable desc = error reading from server: read tcp [::1]:51106->[::1]:50052: wsarecv: An existing connection was forcibly closed by the remote host.
2024-04-15T13:28:40.099+0800	ERROR	api/blog_unlisted.go:236	rpc error: code = Unavailable desc = error reading from server: read tcp [::1]:51155->[::1]:50052: wsarecv: An existing connection was forcibly closed by the remote host.
2024-04-15T13:30:38.754+0800	ERROR	api/blog_unlisted.go:236	rpc error: code = Unavailable desc = error reading from server: read tcp [::1]:51238->[::1]:50052: wsarecv: An existing connection was forcibly closed by the remote host.
2024-04-15T15:27:42.309+0800	INFO	web/main.go:13	配置文件读取完毕
2024-04-21T17:15:57.454+0800	INFO	web/main.go:13	配置文件读取完毕
2024-04-21T17:17:30.336+0800	INFO	web/main.go:13	配置文件读取完毕
2024-04-21T17:17:49.813+0800	ERROR	api/blog_unlisted.go:50	rpc error: code = Unavailable desc = connection error: desc = "transport: Error while dialing: dial tcp [::1]:50052: connectex: No connection could be made because the target machine actively refused it."
2024-04-21T17:17:56.309+0800	ERROR	api/blog_unlisted.go:50	rpc error: code = Unavailable desc = connection error: desc = "transport: Error while dialing: dial tcp [::1]:50052: connectex: No connection could be made because the target machine actively refused it."
2024-04-21T17:18:59.819+0800	INFO	web/main.go:13	配置文件读取完毕
2024-04-21T17:21:53.496+0800	INFO	web/main.go:13	配置文件读取完毕
2024-04-22T09:05:32.400+0800	INFO	web/main.go:13	配置文件读取完毕
2024-04-22T09:08:10.109+0800	ERROR	api/blog_unlisted.go:427	invalid character '"' after object key:value pair
2024-04-22T11:08:45.032+0800	INFO	web/main.go:13	配置文件读取完毕
2024-04-22T13:39:01.224+0800	ERROR	middlewares/list_jwt.go:46	rpc error: code = NotFound desc = 不存在该信息
2024-04-23T16:02:13.345+0800	INFO	web/main.go:13	配置文件读取完毕
2024-04-23T16:09:30.637+0800	ERROR	api/blogs_listed.go:1026	rpc error: code = Unknown desc = 作者不是同一人
2024-04-23T16:12:36.304+0800	ERROR	api/blogs_listed.go:1026	rpc error: code = Unknown desc = 作者不是同一人
2024-04-23T16:13:17.917+0800	ERROR	api/blogs_listed.go:1026	rpc error: code = Unknown desc = 作者不是同一人
2024-04-23T17:17:04.781+0800	INFO	web/main.go:13	配置文件读取完毕
2024-04-23T17:18:00.700+0800	ERROR	api/blogs_listed.go:407	rpc error: code = Unknown desc = 作者不是同一人
2024-04-23T17:18:37.030+0800	ERROR	api/blogs_listed.go:407	rpc error: code = Unknown desc = 作者不是同一人
2024-04-23T17:19:39.194+0800	INFO	web/main.go:13	配置文件读取完毕
2024-07-16T16:02:00.725+0800	INFO	web/main.go:13	配置文件读取完毕
2024-07-17T14:03:55.310+0800	INFO	web/main.go:13	配置文件读取完毕
2024-07-17T18:05:48.084+0800	INFO	web/main.go:13	配置文件读取完毕
2024-07-21T18:17:03.428+0800	INFO	web/main.go:13	配置文件读取完毕
2024-07-23T19:23:09.703+0800	INFO	web/main.go:13	配置文件读取完毕
2024-07-23T19:27:18.506+0800	INFO	web/main.go:13	配置文件读取完毕
2024-07-23T19:28:45.924+0800	ERROR	api/recruitment.go:91	rpc error: code = Unknown desc = parsing time "2024-1-2" as "2006-01-02": cannot parse "1-2" as "01"
2024-07-23T19:28:48.655+0800	ERROR	api/recruitment.go:91	rpc error: code = Unknown desc = parsing time "2024-1-2" as "2006-01-02": cannot parse "1-2" as "01"
2024-07-24T01:10:32.633+0800	INFO	web/main.go:13	配置文件读取完毕
2024-07-24T01:10:42.227+0800	ERROR	api/recruitment.go:91	rpc error: code = Unimplemented desc = unknown method Get_training_time for service Pagemessage
2024-07-24T01:55:49.084+0800	INFO	web/main.go:13	配置文件读取完毕
2024-07-24T01:55:49.104+0800	ERROR	web/main.go:17	启动服务器,端口%s失败:8089
2024-07-24T01:55:49.104+0800	PANIC	web/main.go:18	错误原因:listen tcp :8089: bind: Only one usage of each socket address (protocol/network address/port) is normally permitted.
2024-07-24T01:59:02.131+0800	INFO	web/main.go:13	配置文件读取完毕
2024-07-24T02:01:06.874+0800	INFO	web/main.go:13	配置文件读取完毕
2024-07-24T18:19:15.607+0800	INFO	web/main.go:13	配置文件读取完毕
2024-08-06T17:19:20.487+0800	INFO	web/main.go:13	配置文件读取完毕
