2024-07-16T16:03:07.428+0800	INFO	srv/main.go:23	服务器端口开启
2024-07-16T16:09:49.620+0800	INFO	srv/main.go:23	服务器端口开启
2024-07-17T14:04:01.723+0800	INFO	srv/main.go:23	服务器端口开启
2024-07-17T18:05:50.200+0800	INFO	srv/main.go:23	服务器端口开启
2024-07-21T18:17:05.175+0800	INFO	srv/main.go:23	服务器端口开启
2024-07-23T19:23:19.946+0800	INFO	srv/main.go:23	服务器端口开启
2024-07-23T19:28:45.923+0800	ERROR	hander/pagemessage.go:202	parsing time "2024-1-2" as "2006-01-02": cannot parse "1-2" as "01"
2024-07-23T19:28:48.654+0800	ERROR	hander/pagemessage.go:202	parsing time "2024-1-2" as "2006-01-02": cannot parse "1-2" as "01"
2024-07-23T19:31:58.762+0800	INFO	srv/main.go:23	服务器端口开启
2024-07-23T19:35:02.023+0800	INFO	srv/main.go:23	服务器端口开启
2024-07-24T02:00:41.163+0800	INFO	srv/main.go:23	服务器端口开启
2024-07-24T18:19:32.020+0800	INFO	srv/main.go:23	服务器端口开启
2024-07-24T18:26:05.247+0800	INFO	srv/main.go:23	服务器端口开启
2024-07-30T17:07:35.449+0800	INFO	srv/main.go:23	服务器端口开启
2024-07-30T17:11:41.114+0800	INFO	srv/main.go:23	服务器端口开启
2024-07-30T17:12:40.535+0800	INFO	srv/main.go:23	服务器端口开启
2024-07-30T17:14:13.012+0800	INFO	srv/main.go:23	服务器端口开启
2024-07-30T17:15:45.670+0800	INFO	srv/main.go:23	服务器端口开启
2024-07-30T17:15:55.729+0800	ERROR	hander/pagemessage.go:41	<nil>
2024-07-30T17:21:42.711+0800	INFO	srv/main.go:23	服务器端口开启
2024-07-30T18:48:25.545+0800	INFO	srv/main.go:23	服务器端口开启
2024-07-30T18:57:01.042+0800	INFO	srv/main.go:23	服务器端口开启
2024-07-30T18:58:13.962+0800	INFO	srv/main.go:23	服务器端口开启
2024-07-30T19:00:38.888+0800	INFO	srv/main.go:23	服务器端口开启
2024-07-30T19:02:17.030+0800	INFO	srv/main.go:23	服务器端口开启
2024-07-30T20:43:36.190+0800	INFO	srv/main.go:23	服务器端口开启
2024-07-30T20:47:16.161+0800	INFO	srv/main.go:23	服务器端口开启
2024-07-30T20:48:34.941+0800	INFO	srv/main.go:23	服务器端口开启
2024-07-30T21:00:11.371+0800	INFO	srv/main.go:23	服务器端口开启
2024-07-30T21:28:58.805+0800	ERROR	hander/pagemessage.go:380	Error 1062 (23000): Duplicate entry '关于我们' for key 'PRIMARY'
2024-07-30T22:32:22.133+0800	INFO	srv/main.go:23	服务器端口开启
2024-08-06T16:14:05.732+0800	INFO	srv/main.go:23	服务器端口开启
2024-08-06T16:17:55.880+0800	INFO	srv/main.go:23	服务器端口开启
2024-08-06T17:03:22.772+0800	INFO	srv/main.go:23	服务器端口开启
2024-08-06T17:03:25.485+0800	INFO	srv/main.go:23	服务器端口开启
2024-08-06T17:03:42.083+0800	INFO	srv/main.go:23	服务器端口开启
2024-08-06T17:04:38.394+0800	INFO	srv/main.go:23	服务器端口开启
2024-08-06T17:05:56.202+0800	INFO	srv/main.go:23	服务器端口开启
2024-08-06T17:07:05.819+0800	INFO	srv/main.go:23	服务器端口开启
2024-08-06T17:07:35.527+0800	INFO	srv/main.go:23	服务器端口开启
2024-08-06T17:09:49.198+0800	INFO	srv/main.go:23	服务器端口开启
2024-08-06T17:15:03.314+0800	ERROR	hander/pagemessage.go:377	Error 1062 (23000): Duplicate entry '1' for key 'PRIMARY'
2024-08-06T17:22:40.648+0800	INFO	srv/main.go:23	服务器端口开启
2024-08-06T17:25:20.216+0800	INFO	srv/main.go:23	服务器端口开启
