2024-02-19T09:39:58.360+0800	INFO	srv/main.go:21	服务器端口开启
2024-02-19T10:43:00.855+0800	INFO	srv/main.go:21	服务器端口开启
2024-02-19T10:45:07.992+0800	INFO	srv/main.go:21	服务器端口开启
2024-02-26T08:49:53.971+0800	PANIC	initialization/mysql.go:21	dial tcp 127.0.0.1:3306: connectex: No connection could be made because the target machine actively refused it.
2024-02-26T08:50:49.209+0800	PANIC	initialization/mysql.go:23	dial tcp 127.0.0.1:3306: connectex: No connection could be made because the target machine actively refused it.
2024-02-26T08:53:15.953+0800	PANIC	initialization/mysql.go:24	dial tcp 127.0.0.1:3306: connectex: No connection could be made because the target machine actively refused it.
2024-02-26T08:56:54.389+0800	INFO	srv/main.go:22	服务器端口开启
2024-02-26T08:57:09.606+0800	ERROR	hander/user.go:53	2728753348@qq.com注册
2024-02-26T09:03:55.458+0800	ERROR	hander/user.go:53	2728753348@qq.com注册
2024-02-27T18:10:44.857+0800	INFO	srv/main.go:22	服务器端口开启
2024-02-27T18:14:38.739+0800	ERROR	hander/user.go:54	d.qelfydvsi@qq.com注册
2024-02-27T18:16:53.690+0800	ERROR	hander/user.go:54	2728753348@qq.com注册
2024-02-27T18:17:08.816+0800	ERROR	hander/user.go:54	2728753348@qq.com注册
2024-02-27T18:17:21.281+0800	ERROR	hander/user.go:54	2728753348@qq.com注册
2024-02-27T18:17:30.362+0800	ERROR	hander/user.go:54	2728753348@qq.com注册
2024-02-27T18:18:45.551+0800	ERROR	hander/user.go:54	2728753348@qq.com注册
2024-03-06T18:09:23.361+0800	INFO	srv/main.go:22	服务器端口开启
2024-03-06T18:43:11.739+0800	ERROR	hander/user.go:52	2728753348@qq.com注册
2024-03-06T18:43:23.252+0800	ERROR	hander/user.go:52	2728753348@qq.com注册
2024-03-06T18:43:31.614+0800	ERROR	hander/user.go:52	2728753348@qq.com注册
2024-03-06T18:43:35.762+0800	ERROR	hander/user.go:52	2728753348@q.com注册
2024-03-06T18:44:01.934+0800	ERROR	hander/user.go:52	2728753348@qq.com注册
2024-03-06T18:44:09.898+0800	ERROR	hander/user.go:52	2728753348@qq.com注册
2024-03-06T18:44:13.678+0800	ERROR	hander/user.go:52	2728753348@qq.com注册
2024-03-06T19:06:59.501+0800	ERROR	hander/user.go:52	2728753348@qq.com注册
2024-03-06T19:07:01.964+0800	ERROR	hander/user.go:52	2728753348@qq.com注册
2024-03-06T19:08:02.534+0800	ERROR	hander/user.go:52	2728753348@qq.com注册
2024-03-06T19:08:18.935+0800	ERROR	hander/user.go:52	2728753348@qq.com注册
2024-03-07T08:36:07.689+0800	INFO	srv/main.go:22	服务器端口开启
2024-03-07T08:36:27.596+0800	ERROR	hander/user.go:52	2728753348@qq.com验证码
2024-03-07T08:36:45.979+0800	ERROR	hander/user.go:52	2728753348@qq.com验证码
2024-03-07T08:36:47.843+0800	ERROR	hander/user.go:52	2728753348@qq.com验证码
2024-03-07T08:36:56.416+0800	ERROR	hander/user.go:52	2728753348@qq.com验证码
2024-03-07T08:38:19.117+0800	ERROR	hander/user.go:52	2728753348@qq.com验证码
2024-03-07T08:47:05.685+0800	ERROR	hander/user.go:52	2728753348@qq.com验证码
2024-03-07T08:47:18.396+0800	ERROR	hander/user.go:52	2728753348@qq.com验证码
2024-03-07T08:47:23.270+0800	ERROR	hander/user.go:52	728753348@qq.com验证码
2024-03-07T08:47:29.925+0800	ERROR	hander/user.go:52	2728753348@qq.com验证码
2024-03-07T08:47:34.499+0800	ERROR	hander/user.go:52	2728753348@qq.com验证码
2024-03-07T08:47:49.263+0800	ERROR	hander/user.go:52	2728753348@qq.com验证码
2024-03-07T08:48:56.110+0800	ERROR	hander/user.go:52	2728753348@qq.com验证码
2024-03-07T08:49:10.608+0800	ERROR	hander/user.go:52	2728753348@qq.com验证码
2024-03-07T08:58:53.951+0800	ERROR	hander/user.go:52	2728753348@qq.com验证码通过
2024-03-07T08:58:56.950+0800	ERROR	hander/user.go:52	2728753348@qq.com验证码通过
2024-03-07T08:59:10.829+0800	ERROR	hander/user.go:52	2728753348@qq.com验证码通过
2024-03-07T08:59:12.709+0800	ERROR	hander/user.go:52	2728753348@qq.com验证码通过
2024-03-07T09:00:30.269+0800	ERROR	hander/user.go:52	2728753348@qq.com验证码通过
2024-03-07T09:01:41.368+0800	ERROR	hander/user.go:52	2728753348@qq.com验证码通过
2024-03-07T09:02:24.136+0800	ERROR	hander/user.go:52	2728753348@qq.com验证码通过
2024-03-07T09:02:56.523+0800	ERROR	hander/user.go:52	728753348@qq.com验证码通过
2024-03-07T09:03:05.975+0800	ERROR	hander/user.go:52	2728753348@qq.com验证码通过
2024-03-07T09:03:22.069+0800	ERROR	hander/user.go:52	2728753348@qq.com验证码通过
2024-03-07T09:03:39.840+0800	ERROR	hander/user.go:52	2728753348@qq.com验证码通过
2024-03-07T09:05:23.228+0800	ERROR	hander/user.go:52	2728753348@qq.com验证码通过
2024-03-07T09:06:32.532+0800	ERROR	hander/user.go:52	2728753348@qq.com验证码通过
2024-03-07T09:29:17.122+0800	INFO	srv/main.go:22	服务器端口开启
2024-03-07T09:30:15.290+0800	ERROR	hander/user.go:52	2728753348@qq.com验证码通过
2024-03-07T09:44:18.419+0800	ERROR	hander/user.go:52	2728753348@qq.com验证码通过
2024-03-07T10:19:02.304+0800	ERROR	hander/user.go:52	eaca5a1a-078e-45a5-8132-eee4010683c2access_token
2024-03-07T10:19:26.825+0800	ERROR	hander/user.go:52	eaca5a1a-078e-45a5-8132-eee4010683c2refresh_token
2024-03-07T10:20:01.167+0800	ERROR	hander/user.go:52	eaca5a1a-078e-45a5-8132-eee4010683c2refresh_token
2024-03-07T10:20:25.830+0800	ERROR	hander/user.go:52	eaca5a1a-078e-45a5-8132-eee4010683c2refresh_token
2024-03-07T10:21:15.429+0800	ERROR	hander/user.go:52	eaca5a1a-078e-45a5-8132-eee4010683c2refresh_token
2024-03-07T10:21:17.592+0800	ERROR	hander/user.go:52	eaca5a1a-078e-45a5-8132-eee4010683c2refresh_token
2024-03-07T10:21:19.547+0800	ERROR	hander/user.go:52	eaca5a1a-078e-45a5-8132-eee4010683c2refresh_token
2024-03-07T10:21:37.357+0800	ERROR	hander/user.go:52	eaca5a1a-078e-45a5-8132-eee4010683c2refresh_token
2024-03-07T10:26:57.988+0800	ERROR	hander/user.go:52	eaca5a1a-078e-45a5-8132-eee4010683c2refresh_token
2024-03-07T10:30:39.299+0800	ERROR	hander/user.go:52	eaca5a1a-078e-45a5-8132-eee4010683c2refresh_token
2024-03-07T10:33:23.408+0800	INFO	srv/main.go:22	服务器端口开启
2024-03-07T10:33:26.826+0800	ERROR	hander/user.go:53	eaca5a1a-078e-45a5-8132-eee4010683c2refresh_token
2024-03-07T10:33:42.975+0800	ERROR	hander/user.go:53	eaca5a1a-078e-45a5-8132-eee4010683c2refresh_token
2024-03-07T10:34:27.769+0800	ERROR	hander/user.go:53	eaca5a1a-078e-45a5-8132-eee4010683c2refresh_token
2024-03-07T10:36:26.678+0800	ERROR	hander/user.go:53	eaca5a1a-078e-45a5-8132-eee4010683c2refresh_token
2024-03-07T10:39:31.913+0800	ERROR	hander/user.go:53	eaca5a1a-078e-45a5-8132-eee4010683c2refresh_token
2024-03-07T10:41:23.948+0800	ERROR	hander/user.go:53	eaca5a1a-078e-45a5-8132-eee4010683c2refresh_token
2024-03-07T10:49:22.616+0800	ERROR	hander/user.go:53	eaca5a1a-078e-45a5-8132-eee4010683c2refresh_token
2024-03-07T11:10:53.239+0800	INFO	srv/main.go:22	服务器端口开启
2024-03-07T11:11:22.640+0800	ERROR	hander/user.go:53	eaca5a1a-078e-45a5-8132-eee4010683c2access_token
2024-03-07T11:12:14.544+0800	ERROR	hander/user.go:53	eaca5a1a-078e-45a5-8132-eee4010683c2access_token
2024-03-07T14:06:53.358+0800	ERROR	hander/user.go:53	eaca5a1a-078e-45a5-8132-eee4010683c2access_token
2024-03-07T14:07:37.110+0800	ERROR	hander/user.go:53	eaca5a1a-078e-45a5-8132-eee4010683c2access_token
2024-03-07T14:09:40.307+0800	ERROR	hander/user.go:53	eaca5a1a-078e-45a5-8132-eee4010683c2access_token
2024-03-07T14:10:35.617+0800	ERROR	hander/user.go:53	eaca5a1a-078e-45a5-8132-eee4010683c2access_token
2024-03-07T14:10:48.369+0800	ERROR	hander/user.go:53	eaca5a1a-078e-45a5-8132-eee4010683c2access_token
2024-03-07T14:10:54.338+0800	ERROR	hander/user.go:53	eaca5a1a-078e-45a5-8132-eee4010683c2access_token
2024-03-07T14:16:09.599+0800	ERROR	hander/user.go:53	eaca5a1a-078e-45a5-8132-eee4010683c2access_token
2024-03-07T14:16:43.039+0800	ERROR	hander/user.go:53	eaca5a1a-078e-45a5-8132-eee4010683c2access_token
2024-03-07T14:25:44.697+0800	ERROR	hander/user.go:53	eaca5a1a-078e-45a5-8132-eee4010683c2access_token
2024-03-07T15:00:01.517+0800	ERROR	hander/user.go:53	eaca5a1a-078e-45a5-8132-eee4010683c2access_token
2024-03-07T15:00:09.532+0800	ERROR	hander/user.go:53	eaca5a1a-078e-45a5-8132-eee4010683c2access_token
2024-03-07T15:00:13.775+0800	ERROR	hander/user.go:53	eaca5a1a-078e-45a5-8132-eee4010683c2access_token
2024-03-07T15:00:20.513+0800	ERROR	hander/user.go:53	eaca5a1a-078e-45a5-8132-eee4010683c2access_token
2024-03-07T15:00:28.058+0800	ERROR	hander/user.go:53	eaca5a1a-078e-45a5-8132-eee4010683c2access_token
2024-03-07T15:00:30.514+0800	ERROR	hander/user.go:53	eaca5a1a-078e-45a5-8132-eee4010683c2access_token
2024-03-07T15:01:01.620+0800	ERROR	hander/user.go:53	eaca5a1a-078e-45a5-8132-eee4010683c2access_token
2024-03-07T15:01:28.389+0800	ERROR	hander/user.go:53	eaca5a1a-078e-45a5-8132-eee4010683c2access_token
2024-03-07T15:16:49.466+0800	ERROR	hander/user.go:53	eaca5a1a-078e-45a5-8132-eee4010683c2refresh_token
2024-03-07T16:10:25.653+0800	ERROR	hander/user.go:53	eaca5a1a-078e-45a5-8132-eee4010683c2access_token
2024-03-07T16:10:47.267+0800	ERROR	hander/user.go:53	eaca5a1a-078e-45a5-8132-eee4010683c2access_token
2024-03-07T16:10:47.419+0800	ERROR	hander/user.go:53	eaca5a1a-078e-45a5-8132-eee4010683c2_change_mailbox
2024-03-07T16:10:59.348+0800	ERROR	hander/user.go:53	eaca5a1a-078e-45a5-8132-eee4010683c2access_token
2024-03-07T16:10:59.484+0800	ERROR	hander/user.go:53	eaca5a1a-078e-45a5-8132-eee4010683c2_change_mailbox
2024-03-07T19:30:40.485+0800	INFO	srv/main.go:22	服务器端口开启
2024-03-07T19:33:59.484+0800	ERROR	hander/user.go:52	eaca5a1a-078e-45a5-8132-eee4010683c2access_token
2024-03-07T19:33:59.612+0800	ERROR	hander/user.go:52	eaca5a1a-078e-45a5-8132-eee4010683c2_change_logout
2024-03-07T19:34:11.806+0800	ERROR	hander/user.go:52	eaca5a1a-078e-45a5-8132-eee4010683c2access_token
2024-03-07T19:34:11.941+0800	ERROR	hander/user.go:52	eaca5a1a-078e-45a5-8132-eee4010683c2_change_logout
2024-03-07T19:37:15.876+0800	ERROR	hander/user.go:52	eaca5a1a-078e-45a5-8132-eee4010683c2access_token
2024-03-07T19:37:16.021+0800	ERROR	hander/user.go:52	eaca5a1a-078e-45a5-8132-eee4010683c2_change_logout
2024-03-07T19:37:19.682+0800	ERROR	hander/user.go:52	eaca5a1a-078e-45a5-8132-eee4010683c2access_token
2024-03-07T19:37:19.819+0800	ERROR	hander/user.go:52	eaca5a1a-078e-45a5-8132-eee4010683c2_change_logout
2024-03-07T19:38:38.348+0800	ERROR	hander/user.go:52	eaca5a1a-078e-45a5-8132-eee4010683c2access_token
2024-03-07T19:38:38.479+0800	ERROR	hander/user.go:52	eaca5a1a-078e-45a5-8132-eee4010683c2_change_logout
2024-03-07T19:38:40.698+0800	ERROR	hander/user.go:52	eaca5a1a-078e-45a5-8132-eee4010683c2access_token
2024-03-07T19:38:40.835+0800	ERROR	hander/user.go:52	eaca5a1a-078e-45a5-8132-eee4010683c2_change_logout
2024-03-07T19:39:04.237+0800	ERROR	hander/user.go:52	eaca5a1a-078e-45a5-8132-eee4010683c2access_token
2024-03-07T19:39:04.370+0800	ERROR	hander/user.go:52	eaca5a1a-078e-45a5-8132-eee4010683c2_change_logout
2024-03-07T19:40:14.707+0800	ERROR	hander/user.go:52	eaca5a1a-078e-45a5-8132-eee4010683c2access_token
2024-03-07T19:40:14.831+0800	ERROR	hander/user.go:52	eaca5a1a-078e-45a5-8132-eee4010683c2_change_logout
2024-03-07T19:41:20.340+0800	ERROR	hander/user.go:52	eaca5a1a-078e-45a5-8132-eee4010683c2access_token
2024-03-07T19:41:20.467+0800	ERROR	hander/user.go:52	eaca5a1a-078e-45a5-8132-eee4010683c2_change_logout
2024-03-07T19:43:21.425+0800	ERROR	hander/user.go:52	eaca5a1a-078e-45a5-8132-eee4010683c2access_token
2024-03-07T19:43:21.552+0800	ERROR	hander/user.go:52	eaca5a1a-078e-45a5-8132-eee4010683c2_change_logout
2024-03-07T19:45:25.960+0800	INFO	srv/main.go:22	服务器端口开启
2024-03-07T19:45:32.975+0800	ERROR	hander/user.go:52	eaca5a1a-078e-45a5-8132-eee4010683c2access_token
2024-03-07T19:45:33.120+0800	ERROR	hander/user.go:52	eaca5a1a-078e-45a5-8132-eee4010683c2_change_logout
2024-03-07T19:47:02.636+0800	INFO	srv/main.go:22	服务器端口开启
2024-03-07T19:47:05.870+0800	ERROR	hander/user.go:52	eaca5a1a-078e-45a5-8132-eee4010683c2access_token
2024-03-07T19:47:05.870+0800	ERROR	hander/user.go:53	123
2024-03-07T19:47:05.993+0800	ERROR	hander/user.go:52	eaca5a1a-078e-45a5-8132-eee4010683c2_change_logout
2024-03-07T19:47:05.993+0800	ERROR	hander/user.go:53	
2024-03-07T19:47:34.514+0800	ERROR	hander/user.go:52	eaca5a1a-078e-45a5-8132-eee4010683c2access_token
2024-03-07T19:47:34.514+0800	ERROR	hander/user.go:53	123
2024-03-07T19:47:34.636+0800	ERROR	hander/user.go:52	eaca5a1a-078e-45a5-8132-eee4010683c2_change_logout
2024-03-07T19:47:34.636+0800	ERROR	hander/user.go:53	
2024-03-07T19:47:59.612+0800	ERROR	hander/user.go:52	eaca5a1a-078e-45a5-8132-eee4010683c2access_token
2024-03-07T19:47:59.612+0800	ERROR	hander/user.go:53	123
2024-03-07T19:47:59.748+0800	ERROR	hander/user.go:52	eaca5a1a-078e-45a5-8132-eee4010683c2_change_logout
2024-03-07T19:47:59.748+0800	ERROR	hander/user.go:53	
2024-03-07T19:49:43.421+0800	ERROR	hander/user.go:52	eaca5a1a-078e-45a5-8132-eee4010683c2access_token
2024-03-07T19:49:43.421+0800	ERROR	hander/user.go:53	123
2024-03-07T19:49:43.561+0800	ERROR	hander/user.go:52	eaca5a1a-078e-45a5-8132-eee4010683c2_change_logout
2024-03-07T19:49:43.562+0800	ERROR	hander/user.go:53	
2024-03-07T19:52:13.290+0800	ERROR	hander/user.go:52	eaca5a1a-078e-45a5-8132-eee4010683c2access_token
2024-03-07T19:52:13.291+0800	ERROR	hander/user.go:53	123
2024-03-07T19:52:13.430+0800	ERROR	hander/user.go:52	eaca5a1a-078e-45a5-8132-eee4010683c2_change_logout
2024-03-07T19:52:13.431+0800	ERROR	hander/user.go:53	
2024-03-07T19:52:40.749+0800	ERROR	hander/user.go:52	eaca5a1a-078e-45a5-8132-eee4010683c2access_token
2024-03-07T19:52:40.749+0800	ERROR	hander/user.go:53	123
2024-03-07T19:52:40.879+0800	ERROR	hander/user.go:52	eaca5a1a-078e-45a5-8132-eee4010683c2_change_logout
2024-03-07T19:52:40.880+0800	ERROR	hander/user.go:53	87571680
2024-03-08T12:47:57.720+0800	INFO	srv/main.go:22	服务器端口开启
2024-03-08T12:56:17.099+0800	ERROR	hander/user.go:52	eaca5a1a-078e-45a5-8132-eee4010683c2refresh_token
2024-03-08T12:56:17.100+0800	ERROR	hander/user.go:53	
2024-03-08T12:57:03.328+0800	ERROR	hander/user.go:52	eaca5a1a-078e-45a5-8132-eee4010683c2refresh_token
2024-03-08T12:57:03.329+0800	ERROR	hander/user.go:53	123
2024-03-08T12:57:03.748+0800	ERROR	hander/user.go:52	eaca5a1a-078e-45a5-8132-eee4010683c2_change_mailbox
2024-03-08T12:57:03.748+0800	ERROR	hander/user.go:53	
2024-03-08T12:59:47.839+0800	ERROR	hander/user.go:52	eaca5a1a-078e-45a5-8132-eee4010683c2access_token
2024-03-08T12:59:47.839+0800	ERROR	hander/user.go:53	123
2024-03-08T12:59:47.970+0800	ERROR	hander/user.go:52	eaca5a1a-078e-45a5-8132-eee4010683c2_change_mailbox
2024-03-08T12:59:47.970+0800	ERROR	hander/user.go:53	28958379
2024-03-08T12:59:49.761+0800	ERROR	hander/user.go:52	eaca5a1a-078e-45a5-8132-eee4010683c2access_token
2024-03-08T12:59:49.761+0800	ERROR	hander/user.go:53	123
2024-03-08T12:59:49.882+0800	ERROR	hander/user.go:52	eaca5a1a-078e-45a5-8132-eee4010683c2_change_mailbox
2024-03-08T12:59:49.882+0800	ERROR	hander/user.go:53	28958379
2024-03-08T12:59:54.234+0800	ERROR	hander/user.go:52	eaca5a1a-078e-45a5-8132-eee4010683c2access_token
2024-03-08T12:59:54.235+0800	ERROR	hander/user.go:53	123
2024-03-08T12:59:54.362+0800	ERROR	hander/user.go:52	eaca5a1a-078e-45a5-8132-eee4010683c2_change_mailbox
2024-03-08T12:59:54.363+0800	ERROR	hander/user.go:53	28958379
2024-03-08T13:01:31.409+0800	ERROR	hander/user.go:52	eaca5a1a-078e-45a5-8132-eee4010683c2access_token
2024-03-08T13:01:31.410+0800	ERROR	hander/user.go:53	123
2024-03-08T13:01:31.538+0800	ERROR	hander/user.go:52	eaca5a1a-078e-45a5-8132-eee4010683c2_change_mailbox
2024-03-08T13:01:31.538+0800	ERROR	hander/user.go:53	28958379
2024-03-08T13:46:48.515+0800	ERROR	hander/user.go:52	eaca5a1a-078e-45a5-8132-eee4010683c2access_token
2024-03-08T13:46:48.516+0800	ERROR	hander/user.go:53	123
2024-03-08T13:46:48.648+0800	ERROR	hander/user.go:52	1211028525@qq.com登录后修改邮箱
2024-03-08T13:46:48.648+0800	ERROR	hander/user.go:53	
2024-03-08T13:47:04.662+0800	ERROR	hander/user.go:52	eaca5a1a-078e-45a5-8132-eee4010683c2access_token
2024-03-08T13:47:04.663+0800	ERROR	hander/user.go:53	123
2024-03-08T13:47:04.792+0800	ERROR	hander/user.go:52	1211028525@qq.com登录后修改邮箱
2024-03-08T13:47:04.792+0800	ERROR	hander/user.go:53	14751768
2024-03-08T13:47:06.371+0800	ERROR	hander/user.go:52	eaca5a1a-078e-45a5-8132-eee4010683c2access_token
2024-03-08T13:47:06.371+0800	ERROR	hander/user.go:53	123
2024-03-08T13:47:06.518+0800	ERROR	hander/user.go:52	1211028525@qq.com登录后修改邮箱
2024-03-08T13:47:06.518+0800	ERROR	hander/user.go:53	14751768
2024-03-08T13:47:49.916+0800	ERROR	hander/user.go:52	eaca5a1a-078e-45a5-8132-eee4010683c2access_token
2024-03-08T13:47:49.916+0800	ERROR	hander/user.go:53	123
2024-03-08T13:47:50.046+0800	ERROR	hander/user.go:52	1登录后修改邮箱
2024-03-08T13:47:50.046+0800	ERROR	hander/user.go:53	
2024-03-08T13:57:48.850+0800	ERROR	hander/user.go:52	eaca5a1a-078e-45a5-8132-eee4010683c2access_token
2024-03-08T13:57:48.850+0800	ERROR	hander/user.go:53	123
2024-03-08T13:58:00.800+0800	ERROR	hander/user.go:52	eaca5a1a-078e-45a5-8132-eee4010683c2access_token
2024-03-08T13:58:00.801+0800	ERROR	hander/user.go:53	123
2024-03-08T13:58:28.123+0800	ERROR	hander/user.go:52	eaca5a1a-078e-45a5-8132-eee4010683c2access_token
2024-03-08T13:58:28.124+0800	ERROR	hander/user.go:53	123
2024-03-08T13:58:28.304+0800	ERROR	hander/user.go:52	eaca5a1a-078e-45a5-8132-eee4010683c2修改邮箱验证码通过
2024-03-08T13:58:28.304+0800	ERROR	hander/user.go:53	63154074
2024-03-08T13:58:37.539+0800	ERROR	hander/user.go:52	eaca5a1a-078e-45a5-8132-eee4010683c2access_token
2024-03-08T13:58:37.540+0800	ERROR	hander/user.go:53	123
2024-03-08T13:58:37.712+0800	ERROR	hander/user.go:52	eaca5a1a-078e-45a5-8132-eee4010683c2修改邮箱验证码通过
2024-03-08T13:58:37.712+0800	ERROR	hander/user.go:53	63154074
2024-03-08T13:58:37.831+0800	ERROR	hander/user.go:52	1登录后修改邮箱
2024-03-08T13:58:37.831+0800	ERROR	hander/user.go:53	03153526
2024-03-08T13:58:44.808+0800	ERROR	hander/user.go:52	eaca5a1a-078e-45a5-8132-eee4010683c2access_token
2024-03-08T13:58:44.808+0800	ERROR	hander/user.go:53	123
2024-03-08T13:58:44.986+0800	ERROR	hander/user.go:52	eaca5a1a-078e-45a5-8132-eee4010683c2修改邮箱验证码通过
2024-03-08T13:58:44.986+0800	ERROR	hander/user.go:53	63154074
2024-03-08T13:58:45.130+0800	ERROR	hander/user.go:52	1登录后修改邮箱
2024-03-08T13:58:45.130+0800	ERROR	hander/user.go:53	03153526
2024-04-02T16:25:11.609+0800	INFO	srv/main.go:22	服务器端口开启
2024-04-02T16:25:30.899+0800	ERROR	hander/user.go:52	89fdbe63-61d4-4e4f-b879-7b1597427613refresh_token
2024-04-02T16:25:30.900+0800	ERROR	hander/user.go:53	eyJhbGciOiJIUzI1NiIsInR5cCI6IkpXVCJ9.eyJNYWlsYm94IjoiMTIxMTAyODUyNUBxcS5jb20iLCJleHAiOjE3MTIyMTQ0NzgsIm5iZiI6MTcxMjA0MTY3OH0.sgC0-ZK90AD6kkylZ3O5Mwuaz9AfsJnYZ56s-4Lxgbo
2024-04-02T16:28:14.107+0800	ERROR	hander/user.go:52	89fdbe63-61d4-4e4f-b879-7b1597427613refresh_token
2024-04-02T16:28:14.108+0800	ERROR	hander/user.go:53	eyJhbGciOiJIUzI1NiIsInR5cCI6IkpXVCJ9.eyJNYWlsYm94IjoiMTIxMTAyODUyNUBxcS5jb20iLCJleHAiOjE3MTIyMTkxMzIsIm5iZiI6MTcxMjA0NjMzMn0.PbCJ8t_l6IYlhXS7HuaHr6tcWx38JDeaMMh03cc6cgM
2024-04-02T16:28:49.340+0800	ERROR	hander/user.go:52	89fdbe63-61d4-4e4f-b879-7b1597427613access_token
2024-04-02T16:28:49.340+0800	ERROR	hander/user.go:53	eyJhbGciOiJIUzI1NiIsInR5cCI6IkpXVCJ9.eyJNYWlsYm94IjoiMTIxMTAyODUyNUBxcS5jb20iLCJleHAiOjE3MTIwNDk5MzIsIm5iZiI6MTcxMjA0NjMzMn0.plXQxt81beFCGSOCbPKIb5EMdSDOaaueM_jymfA2aKQ
2024-04-02T16:29:16.815+0800	ERROR	hander/user.go:52	89fdbe63-61d4-4e4f-b879-7b1597427613access_token
2024-04-02T16:29:16.815+0800	ERROR	hander/user.go:53	eyJhbGciOiJIUzI1NiIsInR5cCI6IkpXVCJ9.eyJNYWlsYm94IjoiMTIxMTAyODUyNUBxcS5jb20iLCJleHAiOjE3MTIwNDk5MzIsIm5iZiI6MTcxMjA0NjMzMn0.plXQxt81beFCGSOCbPKIb5EMdSDOaaueM_jymfA2aKQ
2024-04-02T16:30:26.667+0800	ERROR	hander/user.go:52	89fdbe63-61d4-4e4f-b879-7b1597427613access_token
2024-04-02T16:30:26.667+0800	ERROR	hander/user.go:53	eyJhbGciOiJIUzI1NiIsInR5cCI6IkpXVCJ9.eyJNYWlsYm94IjoiMTIxMTAyODUyNUBxcS5jb20iLCJleHAiOjE3MTIwNDk5MzIsIm5iZiI6MTcxMjA0NjMzMn0.plXQxt81beFCGSOCbPKIb5EMdSDOaaueM_jymfA2aKQ
2024-04-02T16:37:52.125+0800	PANIC	initialization/mysql.go:24	dial tcp 43.138.79.122:3306: connectex: A connection attempt failed because the connected party did not properly respond after a period of time, or established connection failed because connected host has failed to respond.
2024-04-02T16:38:16.735+0800	INFO	srv/main.go:22	服务器端口开启
2024-04-02T16:38:28.327+0800	ERROR	hander/user.go:52	89fdbe63-61d4-4e4f-b879-7b1597427613access_token
2024-04-02T16:38:28.328+0800	ERROR	hander/user.go:53	eyJhbGciOiJIUzI1NiIsInR5cCI6IkpXVCJ9.eyJNYWlsYm94IjoiMTIxMTAyODUyNUBxcS5jb20iLCJleHAiOjE3MTIwNDk5MzIsIm5iZiI6MTcxMjA0NjMzMn0.plXQxt81beFCGSOCbPKIb5EMdSDOaaueM_jymfA2aKQ
2024-04-02T16:40:48.099+0800	ERROR	hander/user.go:52	89fdbe63-61d4-4e4f-b879-7b1597427613access_token
2024-04-02T16:40:48.100+0800	ERROR	hander/user.go:53	eyJhbGciOiJIUzI1NiIsInR5cCI6IkpXVCJ9.eyJNYWlsYm94IjoiMTIxMTAyODUyNUBxcS5jb20iLCJleHAiOjE3MTIwNDk5MzIsIm5iZiI6MTcxMjA0NjMzMn0.plXQxt81beFCGSOCbPKIb5EMdSDOaaueM_jymfA2aKQ
2024-04-02T16:42:38.372+0800	ERROR	hander/user.go:52	89fdbe63-61d4-4e4f-b879-7b1597427613access_token
2024-04-02T16:42:38.373+0800	ERROR	hander/user.go:53	eyJhbGciOiJIUzI1NiIsInR5cCI6IkpXVCJ9.eyJNYWlsYm94IjoiMTIxMTAyODUyNUBxcS5jb20iLCJleHAiOjE3MTIwNDk5MzIsIm5iZiI6MTcxMjA0NjMzMn0.plXQxt81beFCGSOCbPKIb5EMdSDOaaueM_jymfA2aKQ
2024-04-02T16:43:47.959+0800	ERROR	hander/user.go:52	89fdbe63-61d4-4e4f-b879-7b1597427613access_token
2024-04-02T16:43:47.959+0800	ERROR	hander/user.go:53	eyJhbGciOiJIUzI1NiIsInR5cCI6IkpXVCJ9.eyJNYWlsYm94IjoiMTIxMTAyODUyNUBxcS5jb20iLCJleHAiOjE3MTIwNDk5MzIsIm5iZiI6MTcxMjA0NjMzMn0.plXQxt81beFCGSOCbPKIb5EMdSDOaaueM_jymfA2aKQ
2024-04-02T16:47:15.655+0800	ERROR	hander/user.go:52	89fdbe63-61d4-4e4f-b879-7b1597427613access_token
2024-04-02T16:47:15.655+0800	ERROR	hander/user.go:53	eyJhbGciOiJIUzI1NiIsInR5cCI6IkpXVCJ9.eyJNYWlsYm94IjoiMTIxMTAyODUyNUBxcS5jb20iLCJleHAiOjE3MTIwNDk5MzIsIm5iZiI6MTcxMjA0NjMzMn0.plXQxt81beFCGSOCbPKIb5EMdSDOaaueM_jymfA2aKQ
2024-04-02T16:52:46.661+0800	ERROR	hander/user.go:52	89fdbe63-61d4-4e4f-b879-7b1597427613access_token
2024-04-02T16:52:46.662+0800	ERROR	hander/user.go:53	eyJhbGciOiJIUzI1NiIsInR5cCI6IkpXVCJ9.eyJNYWlsYm94IjoiMTIxMTAyODUyNUBxcS5jb20iLCJleHAiOjE3MTIwNDk5MzIsIm5iZiI6MTcxMjA0NjMzMn0.plXQxt81beFCGSOCbPKIb5EMdSDOaaueM_jymfA2aKQ
2024-04-02T16:53:17.928+0800	ERROR	hander/user.go:52	89fdbe63-61d4-4e4f-b879-7b1597427613access_token
2024-04-02T16:53:17.929+0800	ERROR	hander/user.go:53	eyJhbGciOiJIUzI1NiIsInR5cCI6IkpXVCJ9.eyJNYWlsYm94IjoiMTIxMTAyODUyNUBxcS5jb20iLCJleHAiOjE3MTIwNDk5MzIsIm5iZiI6MTcxMjA0NjMzMn0.plXQxt81beFCGSOCbPKIb5EMdSDOaaueM_jymfA2aKQ
2024-04-03T13:19:32.396+0800	INFO	srv/main.go:22	服务器端口开启
2024-04-03T13:22:13.911+0800	ERROR	hander/user.go:52	89fdbe63-61d4-4e4f-b879-7b1597427613access_token
2024-04-03T13:22:13.912+0800	ERROR	hander/user.go:53	eyJhbGciOiJIUzI1NiIsInR5cCI6IkpXVCJ9.eyJNYWlsYm94IjoiMTIxMTAyODUyNUBxcS5jb20iLCJleHAiOjE3MTIxMjQ5MzIsIm5iZiI6MTcxMjEyMTMzMn0.SHkpa_rJwqpjt8kQmzfH6BoEvRb718jA7xOuVBN8zS8
2024-04-03T13:24:51.523+0800	ERROR	hander/user.go:52	89fdbe63-61d4-4e4f-b879-7b1597427613access_token
2024-04-03T13:24:51.523+0800	ERROR	hander/user.go:53	eyJhbGciOiJIUzI1NiIsInR5cCI6IkpXVCJ9.eyJNYWlsYm94IjoiMTIxMTAyODUyNUBxcS5jb20iLCJleHAiOjE3MTIxMjQ5MzIsIm5iZiI6MTcxMjEyMTMzMn0.SHkpa_rJwqpjt8kQmzfH6BoEvRb718jA7xOuVBN8zS8
2024-04-03T13:24:57.996+0800	ERROR	hander/user.go:52	89fdbe63-61d4-4e4f-b879-7b1597427613access_token
2024-04-03T13:24:57.996+0800	ERROR	hander/user.go:53	eyJhbGciOiJIUzI1NiIsInR5cCI6IkpXVCJ9.eyJNYWlsYm94IjoiMTIxMTAyODUyNUBxcS5jb20iLCJleHAiOjE3MTIxMjQ5MzIsIm5iZiI6MTcxMjEyMTMzMn0.SHkpa_rJwqpjt8kQmzfH6BoEvRb718jA7xOuVBN8zS8
2024-04-03T13:26:06.446+0800	ERROR	hander/user.go:52	89fdbe63-61d4-4e4f-b879-7b1597427613access_token
2024-04-03T13:26:06.447+0800	ERROR	hander/user.go:53	eyJhbGciOiJIUzI1NiIsInR5cCI6IkpXVCJ9.eyJNYWlsYm94IjoiMTIxMTAyODUyNUBxcS5jb20iLCJleHAiOjE3MTIxMjQ5MzIsIm5iZiI6MTcxMjEyMTMzMn0.SHkpa_rJwqpjt8kQmzfH6BoEvRb718jA7xOuVBN8zS8
2024-04-03T13:26:10.829+0800	ERROR	hander/user.go:52	89fdbe63-61d4-4e4f-b879-7b1597427613access_token
2024-04-03T13:26:10.830+0800	ERROR	hander/user.go:53	eyJhbGciOiJIUzI1NiIsInR5cCI6IkpXVCJ9.eyJNYWlsYm94IjoiMTIxMTAyODUyNUBxcS5jb20iLCJleHAiOjE3MTIxMjQ5MzIsIm5iZiI6MTcxMjEyMTMzMn0.SHkpa_rJwqpjt8kQmzfH6BoEvRb718jA7xOuVBN8zS8
2024-04-03T13:26:20.926+0800	ERROR	hander/user.go:52	89fdbe63-61d4-4e4f-b879-7b1597427613access_token
2024-04-03T13:26:20.926+0800	ERROR	hander/user.go:53	eyJhbGciOiJIUzI1NiIsInR5cCI6IkpXVCJ9.eyJNYWlsYm94IjoiMTIxMTAyODUyNUBxcS5jb20iLCJleHAiOjE3MTIxMjQ5MzIsIm5iZiI6MTcxMjEyMTMzMn0.SHkpa_rJwqpjt8kQmzfH6BoEvRb718jA7xOuVBN8zS8
2024-04-03T13:26:42.239+0800	ERROR	hander/user.go:52	89fdbe63-61d4-4e4f-b879-7b1597427613access_token
2024-04-03T13:26:42.239+0800	ERROR	hander/user.go:53	eyJhbGciOiJIUzI1NiIsInR5cCI6IkpXVCJ9.eyJNYWlsYm94IjoiMTIxMTAyODUyNUBxcS5jb20iLCJleHAiOjE3MTIxMjQ5MzIsIm5iZiI6MTcxMjEyMTMzMn0.SHkpa_rJwqpjt8kQmzfH6BoEvRb718jA7xOuVBN8zS8
2024-04-03T13:30:10.149+0800	PANIC	initialization/redis.go:21	dial tcp 43.138.79.122:6379: connectex: A connection attempt failed because the connected party did not properly respond after a period of time, or established connection failed because connected host has failed to respond.
2024-04-03T13:32:55.228+0800	INFO	srv/main.go:22	服务器端口开启
2024-04-03T13:33:28.952+0800	ERROR	hander/user.go:52	89fdbe63-61d4-4e4f-b879-7b1597427613access_token
2024-04-03T13:33:28.952+0800	ERROR	hander/user.go:53	eyJhbGciOiJIUzI1NiIsInR5cCI6IkpXVCJ9.eyJNYWlsYm94IjoiMTIxMTAyODUyNUBxcS5jb20iLCJleHAiOjE3MTIxMjQ5MzIsIm5iZiI6MTcxMjEyMTMzMn0.SHkpa_rJwqpjt8kQmzfH6BoEvRb718jA7xOuVBN8zS8
2024-04-03T13:33:53.978+0800	PANIC	initialization/redis.go:21	dial tcp 43.138.79.122:6379: connectex: A connection attempt failed because the connected party did not properly respond after a period of time, or established connection failed because connected host has failed to respond.
2024-04-03T13:34:19.811+0800	INFO	srv/main.go:22	服务器端口开启
2024-04-03T13:34:49.181+0800	ERROR	hander/user.go:52	89fdbe63-61d4-4e4f-b879-7b1597427613access_token
2024-04-03T13:34:49.182+0800	ERROR	hander/user.go:53	eyJhbGciOiJIUzI1NiIsInR5cCI6IkpXVCJ9.eyJNYWlsYm94IjoiMTIxMTAyODUyNUBxcS5jb20iLCJleHAiOjE3MTIxMjQ5MzIsIm5iZiI6MTcxMjEyMTMzMn0.SHkpa_rJwqpjt8kQmzfH6BoEvRb718jA7xOuVBN8zS8
2024-04-03T13:35:02.481+0800	ERROR	hander/user.go:52	89fdbe63-61d4-4e4f-b879-7b1597427613access_token
2024-04-03T13:35:02.481+0800	ERROR	hander/user.go:53	eyJhbGciOiJIUzI1NiIsInR5cCI6IkpXVCJ9.eyJNYWlsYm94IjoiMTIxMTAyODUyNUBxcS5jb20iLCJleHAiOjE3MTIxMjQ5MzIsIm5iZiI6MTcxMjEyMTMzMn0.SHkpa_rJwqpjt8kQmzfH6BoEvRb718jA7xOuVBN8zS8
2024-04-03T13:35:55.344+0800	ERROR	hander/user.go:52	89fdbe63-61d4-4e4f-b879-7b1597427613access_token
2024-04-03T13:35:55.345+0800	ERROR	hander/user.go:53	eyJhbGciOiJIUzI1NiIsInR5cCI6IkpXVCJ9.eyJNYWlsYm94IjoiMTIxMTAyODUyNUBxcS5jb20iLCJleHAiOjE3MTIxMjQ5MzIsIm5iZiI6MTcxMjEyMTMzMn0.SHkpa_rJwqpjt8kQmzfH6BoEvRb718jA7xOuVBN8zS8
2024-04-03T13:37:06.024+0800	ERROR	hander/user.go:52	89fdbe63-61d4-4e4f-b879-7b1597427613access_token
2024-04-03T13:37:06.024+0800	ERROR	hander/user.go:53	eyJhbGciOiJIUzI1NiIsInR5cCI6IkpXVCJ9.eyJNYWlsYm94IjoiMTIxMTAyODUyNUBxcS5jb20iLCJleHAiOjE3MTIxMjQ5MzIsIm5iZiI6MTcxMjEyMTMzMn0.SHkpa_rJwqpjt8kQmzfH6BoEvRb718jA7xOuVBN8zS8
2024-04-03T13:37:48.735+0800	ERROR	hander/user.go:52	89fdbe63-61d4-4e4f-b879-7b1597427613access_token
2024-04-03T13:37:48.736+0800	ERROR	hander/user.go:53	eyJhbGciOiJIUzI1NiIsInR5cCI6IkpXVCJ9.eyJNYWlsYm94IjoiMTIxMTAyODUyNUBxcS5jb20iLCJleHAiOjE3MTIxMjQ5MzIsIm5iZiI6MTcxMjEyMTMzMn0.SHkpa_rJwqpjt8kQmzfH6BoEvRb718jA7xOuVBN8zS8
2024-04-10T16:45:54.613+0800	INFO	srv/main.go:22	服务器端口开启
2024-04-10T16:46:08.327+0800	ERROR	hander/user.go:52	7a00d279-3d2b-4a7b-9bc6-8287e92cd00caccess_token
2024-04-10T16:46:08.327+0800	ERROR	hander/user.go:53	eyJhbGciOiJIUzI1NiIsInR5cCI6IkpXVCJ9.eyJNYWlsYm94IjoiMzMyNTE0ODAwMUBxcS5jb20iLCJleHAiOjE3MTI3MzIxNjAsIm5iZiI6MTcxMjcyODU2MH0.wAqJxxJ8yHzMrsTPRFr8BjwWJy0be-k39MVqzbsL-7s
2024-04-10T16:47:20.318+0800	ERROR	hander/user.go:52	7a00d279-3d2b-4a7b-9bc6-8287e92cd00caccess_token
2024-04-10T16:47:20.319+0800	ERROR	hander/user.go:53	eyJhbGciOiJIUzI1NiIsInR5cCI6IkpXVCJ9.eyJNYWlsYm94IjoiMzMyNTE0ODAwMUBxcS5jb20iLCJleHAiOjE3MTI3MzIxNjAsIm5iZiI6MTcxMjcyODU2MH0.wAqJxxJ8yHzMrsTPRFr8BjwWJy0be-k39MVqzbsL-7s
2024-04-10T16:47:22.596+0800	ERROR	hander/user.go:52	7a00d279-3d2b-4a7b-9bc6-8287e92cd00caccess_token
2024-04-10T16:47:22.596+0800	ERROR	hander/user.go:53	eyJhbGciOiJIUzI1NiIsInR5cCI6IkpXVCJ9.eyJNYWlsYm94IjoiMzMyNTE0ODAwMUBxcS5jb20iLCJleHAiOjE3MTI3MzIxNjAsIm5iZiI6MTcxMjcyODU2MH0.wAqJxxJ8yHzMrsTPRFr8BjwWJy0be-k39MVqzbsL-7s
2024-04-10T16:48:18.417+0800	ERROR	hander/user.go:52	7a00d279-3d2b-4a7b-9bc6-8287e92cd00caccess_token
2024-04-10T16:48:18.417+0800	ERROR	hander/user.go:53	eyJhbGciOiJIUzI1NiIsInR5cCI6IkpXVCJ9.eyJNYWlsYm94IjoiMzMyNTE0ODAwMUBxcS5jb20iLCJleHAiOjE3MTI3MzIxNjAsIm5iZiI6MTcxMjcyODU2MH0.wAqJxxJ8yHzMrsTPRFr8BjwWJy0be-k39MVqzbsL-7s
2024-04-15T15:27:26.187+0800	INFO	srv/main.go:22	服务器端口开启
2024-04-15T15:32:03.040+0800	ERROR	hander/user.go:52	89fdbe63-61d4-4e4f-b879-7b1597427613access_token
2024-04-15T15:32:03.040+0800	ERROR	hander/user.go:53	eyJhbGciOiJIUzI1NiIsInR5cCI6IkpXVCJ9.eyJNYWlsYm94IjoiMTIxMTAyODUyNUBxcS5jb20iLCJleHAiOjE3MTMxNjY1NTAsIm5iZiI6MTcxMzE2Mjk1MH0.6nfD1h8r347WEZt_vW-r0tjjADOKO7jxqAS8ZZpLLqo
2024-04-15T15:37:38.217+0800	ERROR	hander/user.go:52	89fdbe63-61d4-4e4f-b879-7b1597427613access_token
2024-04-15T15:37:38.217+0800	ERROR	hander/user.go:53	eyJhbGciOiJIUzI1NiIsInR5cCI6IkpXVCJ9.eyJNYWlsYm94IjoiMTIxMTAyODUyNUBxcS5jb20iLCJleHAiOjE3MTMxNjY1NTAsIm5iZiI6MTcxMzE2Mjk1MH0.6nfD1h8r347WEZt_vW-r0tjjADOKO7jxqAS8ZZpLLqo
2024-04-15T15:41:34.089+0800	ERROR	hander/user.go:52	89fdbe63-61d4-4e4f-b879-7b1597427613access_token
2024-04-15T15:41:34.090+0800	ERROR	hander/user.go:53	eyJhbGciOiJIUzI1NiIsInR5cCI6IkpXVCJ9.eyJNYWlsYm94IjoiMTIxMTAyODUyNUBxcS5jb20iLCJleHAiOjE3MTMxNjY1NTAsIm5iZiI6MTcxMzE2Mjk1MH0.6nfD1h8r347WEZt_vW-r0tjjADOKO7jxqAS8ZZpLLqo
2024-04-15T15:42:03.508+0800	ERROR	hander/user.go:52	89fdbe63-61d4-4e4f-b879-7b1597427613access_token
2024-04-15T15:42:03.508+0800	ERROR	hander/user.go:53	eyJhbGciOiJIUzI1NiIsInR5cCI6IkpXVCJ9.eyJNYWlsYm94IjoiMTIxMTAyODUyNUBxcS5jb20iLCJleHAiOjE3MTMxNjY1NTAsIm5iZiI6MTcxMzE2Mjk1MH0.6nfD1h8r347WEZt_vW-r0tjjADOKO7jxqAS8ZZpLLqo
2024-04-15T15:42:53.036+0800	ERROR	hander/user.go:52	89fdbe63-61d4-4e4f-b879-7b1597427613access_token
2024-04-15T15:42:53.036+0800	ERROR	hander/user.go:53	eyJhbGciOiJIUzI1NiIsInR5cCI6IkpXVCJ9.eyJNYWlsYm94IjoiMTIxMTAyODUyNUBxcS5jb20iLCJleHAiOjE3MTMxNjY1NTAsIm5iZiI6MTcxMzE2Mjk1MH0.6nfD1h8r347WEZt_vW-r0tjjADOKO7jxqAS8ZZpLLqo
2024-04-15T15:43:57.377+0800	ERROR	hander/user.go:52	89fdbe63-61d4-4e4f-b879-7b1597427613access_token
2024-04-15T15:43:57.377+0800	ERROR	hander/user.go:53	eyJhbGciOiJIUzI1NiIsInR5cCI6IkpXVCJ9.eyJNYWlsYm94IjoiMTIxMTAyODUyNUBxcS5jb20iLCJleHAiOjE3MTMxNjY1NTAsIm5iZiI6MTcxMzE2Mjk1MH0.6nfD1h8r347WEZt_vW-r0tjjADOKO7jxqAS8ZZpLLqo
2024-04-15T15:47:10.200+0800	ERROR	hander/user.go:52	89fdbe63-61d4-4e4f-b879-7b1597427613access_token
2024-04-15T15:47:10.200+0800	ERROR	hander/user.go:53	eyJhbGciOiJIUzI1NiIsInR5cCI6IkpXVCJ9.eyJNYWlsYm94IjoiMTIxMTAyODUyNUBxcS5jb20iLCJleHAiOjE3MTMxNjY1NTAsIm5iZiI6MTcxMzE2Mjk1MH0.6nfD1h8r347WEZt_vW-r0tjjADOKO7jxqAS8ZZpLLqo
2024-04-15T16:07:56.789+0800	ERROR	hander/user.go:52	89fdbe63-61d4-4e4f-b879-7b1597427613access_token
2024-04-15T16:07:56.790+0800	ERROR	hander/user.go:53	eyJhbGciOiJIUzI1NiIsInR5cCI6IkpXVCJ9.eyJNYWlsYm94IjoiMTIxMTAyODUyNUBxcS5jb20iLCJleHAiOjE3MTMxNjY1NTAsIm5iZiI6MTcxMzE2Mjk1MH0.6nfD1h8r347WEZt_vW-r0tjjADOKO7jxqAS8ZZpLLqo
2024-04-15T16:08:12.719+0800	ERROR	hander/user.go:52	89fdbe63-61d4-4e4f-b879-7b1597427613access_token
2024-04-15T16:08:12.720+0800	ERROR	hander/user.go:53	eyJhbGciOiJIUzI1NiIsInR5cCI6IkpXVCJ9.eyJNYWlsYm94IjoiMTIxMTAyODUyNUBxcS5jb20iLCJleHAiOjE3MTMxNjY1NTAsIm5iZiI6MTcxMzE2Mjk1MH0.6nfD1h8r347WEZt_vW-r0tjjADOKO7jxqAS8ZZpLLqo
2024-04-21T08:29:02.230+0800	INFO	srv/main.go:22	服务器端口开启
2024-04-21T08:29:53.729+0800	ERROR	hander/user.go:52	2728753348@qq.com注册
2024-04-21T08:29:53.730+0800	ERROR	hander/user.go:53	
2024-04-21T14:12:55.836+0800	INFO	srv/main.go:22	服务器端口开启
2024-04-21T14:15:00.740+0800	INFO	srv/main.go:22	服务器端口开启
2024-04-21T14:16:36.765+0800	ERROR	hander/user.go:53	1211028525@qq.com注册
2024-04-21T14:16:36.766+0800	ERROR	hander/user.go:54	17624177
2024-04-21T14:16:37.111+0800	ERROR	hander/user.go:153	&{0xc0002b5050 Error 1292 (22007): Incorrect datetime value: '' for column 'creat_time' at row 1 0 0xc0002c6540 0}
2024-04-21T17:16:24.529+0800	INFO	srv/main.go:22	服务器端口开启
2024-04-22T11:09:28.288+0800	INFO	srv/main.go:22	服务器端口开启
2024-04-22T11:11:10.438+0800	ERROR	hander/user.go:53	098e073e-2223-4ddc-a2df-3ef0b4f9fc56access_token
2024-04-22T11:11:10.438+0800	ERROR	hander/user.go:54	eyJhbGciOiJIUzI1NiIsInR5cCI6IkpXVCJ9.eyJNYWlsYm94IjoiMTIxMTAyODUyNUBxcS5jb20iLCJleHAiOjE3MTM3NTU2NzAsIm5iZiI6MTcxMzc1MjA3MH0.CZbhFh6WYMn1Xmx-hGuKJGmShSs3b_4Os5fDnfzoWw4
2024-04-22T11:12:17.981+0800	ERROR	hander/user.go:53	098e073e-2223-4ddc-a2df-3ef0b4f9fc56access_token
2024-04-22T11:12:17.981+0800	ERROR	hander/user.go:54	eyJhbGciOiJIUzI1NiIsInR5cCI6IkpXVCJ9.eyJNYWlsYm94IjoiMTIxMTAyODUyNUBxcS5jb20iLCJleHAiOjE3MTM3NTU2NzAsIm5iZiI6MTcxMzc1MjA3MH0.CZbhFh6WYMn1Xmx-hGuKJGmShSs3b_4Os5fDnfzoWw4
2024-04-22T13:39:01.222+0800	ERROR	hander/user.go:53	098e073e-2223-4ddc-a2df-3ef0b4f9fc56access_token
2024-04-22T13:39:01.224+0800	ERROR	hander/user.go:54	
2024-04-22T13:39:46.235+0800	ERROR	hander/user.go:53	098e073e-2223-4ddc-a2df-3ef0b4f9fc56access_token
2024-04-22T13:39:46.235+0800	ERROR	hander/user.go:54	eyJhbGciOiJIUzI1NiIsInR5cCI6IkpXVCJ9.eyJNYWlsYm94IjoiMTIxMTAyODUyNUBxcS5jb20iLCJleHAiOjE3MTM3Njc5NTgsIm5iZiI6MTcxMzc2NDM1OH0.TggMpx43JHoIBBRiAt6LxNCAnpJmuQxy0F-SRnUHVz4
2024-04-22T13:41:26.536+0800	ERROR	hander/user.go:53	098e073e-2223-4ddc-a2df-3ef0b4f9fc56access_token
2024-04-22T13:41:26.536+0800	ERROR	hander/user.go:54	eyJhbGciOiJIUzI1NiIsInR5cCI6IkpXVCJ9.eyJNYWlsYm94IjoiMTIxMTAyODUyNUBxcS5jb20iLCJleHAiOjE3MTM3Njc5NTgsIm5iZiI6MTcxMzc2NDM1OH0.TggMpx43JHoIBBRiAt6LxNCAnpJmuQxy0F-SRnUHVz4
2024-04-22T13:42:32.837+0800	ERROR	hander/user.go:53	098e073e-2223-4ddc-a2df-3ef0b4f9fc56access_token
2024-04-22T13:42:32.837+0800	ERROR	hander/user.go:54	eyJhbGciOiJIUzI1NiIsInR5cCI6IkpXVCJ9.eyJNYWlsYm94IjoiMTIxMTAyODUyNUBxcS5jb20iLCJleHAiOjE3MTM3Njc5NTgsIm5iZiI6MTcxMzc2NDM1OH0.TggMpx43JHoIBBRiAt6LxNCAnpJmuQxy0F-SRnUHVz4
2024-04-22T13:50:05.573+0800	ERROR	hander/user.go:53	098e073e-2223-4ddc-a2df-3ef0b4f9fc56access_token
2024-04-22T13:50:05.574+0800	ERROR	hander/user.go:54	eyJhbGciOiJIUzI1NiIsInR5cCI6IkpXVCJ9.eyJNYWlsYm94IjoiMTIxMTAyODUyNUBxcS5jb20iLCJleHAiOjE3MTM3Njc5NTgsIm5iZiI6MTcxMzc2NDM1OH0.TggMpx43JHoIBBRiAt6LxNCAnpJmuQxy0F-SRnUHVz4
2024-04-22T13:52:34.967+0800	ERROR	hander/user.go:53	098e073e-2223-4ddc-a2df-3ef0b4f9fc56access_token
2024-04-22T13:52:34.967+0800	ERROR	hander/user.go:54	eyJhbGciOiJIUzI1NiIsInR5cCI6IkpXVCJ9.eyJNYWlsYm94IjoiMTIxMTAyODUyNUBxcS5jb20iLCJleHAiOjE3MTM3Njc5NTgsIm5iZiI6MTcxMzc2NDM1OH0.TggMpx43JHoIBBRiAt6LxNCAnpJmuQxy0F-SRnUHVz4
2024-04-22T13:56:41.177+0800	ERROR	hander/user.go:53	098e073e-2223-4ddc-a2df-3ef0b4f9fc56access_token
2024-04-22T13:56:41.178+0800	ERROR	hander/user.go:54	eyJhbGciOiJIUzI1NiIsInR5cCI6IkpXVCJ9.eyJNYWlsYm94IjoiMTIxMTAyODUyNUBxcS5jb20iLCJleHAiOjE3MTM3Njc5NTgsIm5iZiI6MTcxMzc2NDM1OH0.TggMpx43JHoIBBRiAt6LxNCAnpJmuQxy0F-SRnUHVz4
2024-04-22T13:57:44.652+0800	ERROR	hander/user.go:53	098e073e-2223-4ddc-a2df-3ef0b4f9fc56access_token
2024-04-22T13:57:44.653+0800	ERROR	hander/user.go:54	eyJhbGciOiJIUzI1NiIsInR5cCI6IkpXVCJ9.eyJNYWlsYm94IjoiMTIxMTAyODUyNUBxcS5jb20iLCJleHAiOjE3MTM3Njc5NTgsIm5iZiI6MTcxMzc2NDM1OH0.TggMpx43JHoIBBRiAt6LxNCAnpJmuQxy0F-SRnUHVz4
2024-04-22T14:02:51.239+0800	INFO	srv/main.go:22	服务器端口开启
2024-04-22T14:03:17.749+0800	ERROR	hander/user.go:53	098e073e-2223-4ddc-a2df-3ef0b4f9fc56access_token
2024-04-22T14:03:17.750+0800	ERROR	hander/user.go:54	eyJhbGciOiJIUzI1NiIsInR5cCI6IkpXVCJ9.eyJNYWlsYm94IjoiMTIxMTAyODUyNUBxcS5jb20iLCJleHAiOjE3MTM3Njc5NTgsIm5iZiI6MTcxMzc2NDM1OH0.TggMpx43JHoIBBRiAt6LxNCAnpJmuQxy0F-SRnUHVz4
2024-04-22T14:06:28.971+0800	INFO	srv/main.go:22	服务器端口开启
2024-04-22T14:06:51.752+0800	ERROR	hander/user.go:53	098e073e-2223-4ddc-a2df-3ef0b4f9fc56access_token
2024-04-22T14:06:51.752+0800	ERROR	hander/user.go:54	eyJhbGciOiJIUzI1NiIsInR5cCI6IkpXVCJ9.eyJNYWlsYm94IjoiMTIxMTAyODUyNUBxcS5jb20iLCJleHAiOjE3MTM3Njc5NTgsIm5iZiI6MTcxMzc2NDM1OH0.TggMpx43JHoIBBRiAt6LxNCAnpJmuQxy0F-SRnUHVz4
2024-04-22T14:09:32.035+0800	ERROR	hander/user.go:53	098e073e-2223-4ddc-a2df-3ef0b4f9fc56access_token
2024-04-22T14:09:32.035+0800	ERROR	hander/user.go:54	eyJhbGciOiJIUzI1NiIsInR5cCI6IkpXVCJ9.eyJNYWlsYm94IjoiMTIxMTAyODUyNUBxcS5jb20iLCJleHAiOjE3MTM3Njc5NTgsIm5iZiI6MTcxMzc2NDM1OH0.TggMpx43JHoIBBRiAt6LxNCAnpJmuQxy0F-SRnUHVz4
2024-04-22T14:12:08.951+0800	ERROR	hander/user.go:53	098e073e-2223-4ddc-a2df-3ef0b4f9fc56access_token
2024-04-22T14:12:08.951+0800	ERROR	hander/user.go:54	eyJhbGciOiJIUzI1NiIsInR5cCI6IkpXVCJ9.eyJNYWlsYm94IjoiMTIxMTAyODUyNUBxcS5jb20iLCJleHAiOjE3MTM3Njc5NTgsIm5iZiI6MTcxMzc2NDM1OH0.TggMpx43JHoIBBRiAt6LxNCAnpJmuQxy0F-SRnUHVz4
2024-04-23T16:02:52.205+0800	INFO	srv/main.go:22	服务器端口开启
2024-04-23T16:09:30.578+0800	ERROR	hander/user.go:53	f7d1ce19-2f0a-4a4d-bb9c-d2d60b9a78a3access_token
2024-04-23T16:09:30.580+0800	ERROR	hander/user.go:54	eyJhbGciOiJIUzI1NiIsInR5cCI6IkpXVCJ9.eyJNYWlsYm94IjoiMzMyNTE0ODAwMUBxcS5jb20iLCJleHAiOjE3MTM4NjMzMTEsIm5iZiI6MTcxMzg1OTcxMX0.W8ey8FzJwG1yLn6GUKmyx8YcXPDbiwMjgw8CnkTt1zg
2024-04-23T16:12:36.247+0800	ERROR	hander/user.go:53	f7d1ce19-2f0a-4a4d-bb9c-d2d60b9a78a3access_token
2024-04-23T16:12:36.247+0800	ERROR	hander/user.go:54	eyJhbGciOiJIUzI1NiIsInR5cCI6IkpXVCJ9.eyJNYWlsYm94IjoiMzMyNTE0ODAwMUBxcS5jb20iLCJleHAiOjE3MTM4NjMzMTEsIm5iZiI6MTcxMzg1OTcxMX0.W8ey8FzJwG1yLn6GUKmyx8YcXPDbiwMjgw8CnkTt1zg
2024-04-23T16:13:17.860+0800	ERROR	hander/user.go:53	f7d1ce19-2f0a-4a4d-bb9c-d2d60b9a78a3access_token
2024-04-23T16:13:17.860+0800	ERROR	hander/user.go:54	eyJhbGciOiJIUzI1NiIsInR5cCI6IkpXVCJ9.eyJNYWlsYm94IjoiMzMyNTE0ODAwMUBxcS5jb20iLCJleHAiOjE3MTM4NjMzMTEsIm5iZiI6MTcxMzg1OTcxMX0.W8ey8FzJwG1yLn6GUKmyx8YcXPDbiwMjgw8CnkTt1zg
2024-04-23T16:13:36.739+0800	ERROR	hander/user.go:53	f7d1ce19-2f0a-4a4d-bb9c-d2d60b9a78a3access_token
2024-04-23T16:13:36.740+0800	ERROR	hander/user.go:54	eyJhbGciOiJIUzI1NiIsInR5cCI6IkpXVCJ9.eyJNYWlsYm94IjoiMzMyNTE0ODAwMUBxcS5jb20iLCJleHAiOjE3MTM4NjMzMTEsIm5iZiI6MTcxMzg1OTcxMX0.W8ey8FzJwG1yLn6GUKmyx8YcXPDbiwMjgw8CnkTt1zg
2024-04-23T17:17:03.920+0800	INFO	srv/main.go:22	服务器端口开启
2024-04-23T17:18:00.636+0800	ERROR	hander/user.go:53	f7d1ce19-2f0a-4a4d-bb9c-d2d60b9a78a3access_token
2024-04-23T17:18:00.636+0800	ERROR	hander/user.go:54	eyJhbGciOiJIUzI1NiIsInR5cCI6IkpXVCJ9.eyJNYWlsYm94IjoiMzMyNTE0ODAwMUBxcS5jb20iLCJleHAiOjE3MTM4NjMzMTEsIm5iZiI6MTcxMzg1OTcxMX0.W8ey8FzJwG1yLn6GUKmyx8YcXPDbiwMjgw8CnkTt1zg
2024-04-23T17:18:36.968+0800	ERROR	hander/user.go:53	f7d1ce19-2f0a-4a4d-bb9c-d2d60b9a78a3access_token
2024-04-23T17:18:36.969+0800	ERROR	hander/user.go:54	eyJhbGciOiJIUzI1NiIsInR5cCI6IkpXVCJ9.eyJNYWlsYm94IjoiMzMyNTE0ODAwMUBxcS5jb20iLCJleHAiOjE3MTM4NjMzMTEsIm5iZiI6MTcxMzg1OTcxMX0.W8ey8FzJwG1yLn6GUKmyx8YcXPDbiwMjgw8CnkTt1zg
2024-04-23T17:19:43.919+0800	ERROR	hander/user.go:53	f7d1ce19-2f0a-4a4d-bb9c-d2d60b9a78a3access_token
2024-04-23T17:19:43.919+0800	ERROR	hander/user.go:54	eyJhbGciOiJIUzI1NiIsInR5cCI6IkpXVCJ9.eyJNYWlsYm94IjoiMzMyNTE0ODAwMUBxcS5jb20iLCJleHAiOjE3MTM4NjMzMTEsIm5iZiI6MTcxMzg1OTcxMX0.W8ey8FzJwG1yLn6GUKmyx8YcXPDbiwMjgw8CnkTt1zg
2024-04-27T13:23:51.856+0800	INFO	srv/main.go:22	服务器端口开启
2024-04-27T13:23:59.439+0800	ERROR	hander/user.go:53	098e073e-2223-4ddc-a2df-3ef0b4f9fc56access_token
2024-04-27T13:23:59.439+0800	ERROR	hander/user.go:54	eyJhbGciOiJIUzI1NiIsInR5cCI6IkpXVCJ9.eyJNYWlsYm94IjoiMTIxMTAyODUyNUBxcS5jb20iLCJleHAiOjE3MTQxOTg5ODksIm5iZiI6MTcxNDE5NTM4OX0.gUCo9sMqTnhbqViEz7SJRlG4_wNSGjkiEiKHuWxtsi8
2024-04-27T13:24:18.025+0800	ERROR	hander/user.go:53	098e073e-2223-4ddc-a2df-3ef0b4f9fc56access_token
2024-04-27T13:24:18.025+0800	ERROR	hander/user.go:54	eyJhbGciOiJIUzI1NiIsInR5cCI6IkpXVCJ9.eyJNYWlsYm94IjoiMTIxMTAyODUyNUBxcS5jb20iLCJleHAiOjE3MTQxOTg5ODksIm5iZiI6MTcxNDE5NTM4OX0.gUCo9sMqTnhbqViEz7SJRlG4_wNSGjkiEiKHuWxtsi8
2024-04-27T13:26:01.968+0800	ERROR	hander/user.go:53	098e073e-2223-4ddc-a2df-3ef0b4f9fc56access_token
2024-04-27T13:26:01.969+0800	ERROR	hander/user.go:54	eyJhbGciOiJIUzI1NiIsInR5cCI6IkpXVCJ9.eyJNYWlsYm94IjoiMTIxMTAyODUyNUBxcS5jb20iLCJleHAiOjE3MTQxOTg5ODksIm5iZiI6MTcxNDE5NTM4OX0.gUCo9sMqTnhbqViEz7SJRlG4_wNSGjkiEiKHuWxtsi8
2024-04-27T13:27:03.607+0800	ERROR	hander/user.go:53	098e073e-2223-4ddc-a2df-3ef0b4f9fc56access_token
2024-04-27T13:27:03.607+0800	ERROR	hander/user.go:54	eyJhbGciOiJIUzI1NiIsInR5cCI6IkpXVCJ9.eyJNYWlsYm94IjoiMTIxMTAyODUyNUBxcS5jb20iLCJleHAiOjE3MTQxOTg5ODksIm5iZiI6MTcxNDE5NTM4OX0.gUCo9sMqTnhbqViEz7SJRlG4_wNSGjkiEiKHuWxtsi8
2024-04-27T13:28:53.868+0800	ERROR	hander/user.go:53	098e073e-2223-4ddc-a2df-3ef0b4f9fc56access_token
2024-04-27T13:28:53.868+0800	ERROR	hander/user.go:54	eyJhbGciOiJIUzI1NiIsInR5cCI6IkpXVCJ9.eyJNYWlsYm94IjoiMTIxMTAyODUyNUBxcS5jb20iLCJleHAiOjE3MTQxOTg5ODksIm5iZiI6MTcxNDE5NTM4OX0.gUCo9sMqTnhbqViEz7SJRlG4_wNSGjkiEiKHuWxtsi8
2024-04-27T13:30:11.425+0800	ERROR	hander/user.go:53	098e073e-2223-4ddc-a2df-3ef0b4f9fc56access_token
2024-04-27T13:30:11.425+0800	ERROR	hander/user.go:54	eyJhbGciOiJIUzI1NiIsInR5cCI6IkpXVCJ9.eyJNYWlsYm94IjoiMTIxMTAyODUyNUBxcS5jb20iLCJleHAiOjE3MTQxOTg5ODksIm5iZiI6MTcxNDE5NTM4OX0.gUCo9sMqTnhbqViEz7SJRlG4_wNSGjkiEiKHuWxtsi8
2024-04-27T13:38:33.330+0800	INFO	srv/main.go:22	服务器端口开启
2024-04-27T14:02:46.973+0800	INFO	srv/main.go:22	服务器端口开启
2024-04-27T14:04:01.263+0800	ERROR	hander/user.go:53	098e073e-2223-4ddc-a2df-3ef0b4f9fc56access_token
2024-04-27T14:04:01.264+0800	ERROR	hander/user.go:54	eyJhbGciOiJIUzI1NiIsInR5cCI6IkpXVCJ9.eyJNYWlsYm94IjoiMTIxMTAyODUyNUBxcS5jb20iLCJleHAiOjE3MTQxOTg5ODksIm5iZiI6MTcxNDE5NTM4OX0.gUCo9sMqTnhbqViEz7SJRlG4_wNSGjkiEiKHuWxtsi8
2024-04-27T14:11:22.213+0800	ERROR	hander/user.go:53	098e073e-2223-4ddc-a2df-3ef0b4f9fc56access_token
2024-04-27T14:11:22.213+0800	ERROR	hander/user.go:54	eyJhbGciOiJIUzI1NiIsInR5cCI6IkpXVCJ9.eyJNYWlsYm94IjoiMTIxMTAyODUyNUBxcS5jb20iLCJleHAiOjE3MTQxOTg5ODksIm5iZiI6MTcxNDE5NTM4OX0.gUCo9sMqTnhbqViEz7SJRlG4_wNSGjkiEiKHuWxtsi8
2024-04-27T14:11:51.528+0800	ERROR	hander/user.go:53	098e073e-2223-4ddc-a2df-3ef0b4f9fc56access_token
2024-04-27T14:11:51.528+0800	ERROR	hander/user.go:54	eyJhbGciOiJIUzI1NiIsInR5cCI6IkpXVCJ9.eyJNYWlsYm94IjoiMTIxMTAyODUyNUBxcS5jb20iLCJleHAiOjE3MTQxOTg5ODksIm5iZiI6MTcxNDE5NTM4OX0.gUCo9sMqTnhbqViEz7SJRlG4_wNSGjkiEiKHuWxtsi8
2024-04-27T14:12:12.648+0800	ERROR	hander/user.go:53	098e073e-2223-4ddc-a2df-3ef0b4f9fc56access_token
2024-04-27T14:12:12.649+0800	ERROR	hander/user.go:54	eyJhbGciOiJIUzI1NiIsInR5cCI6IkpXVCJ9.eyJNYWlsYm94IjoiMTIxMTAyODUyNUBxcS5jb20iLCJleHAiOjE3MTQxOTg5ODksIm5iZiI6MTcxNDE5NTM4OX0.gUCo9sMqTnhbqViEz7SJRlG4_wNSGjkiEiKHuWxtsi8
2024-04-28T12:13:05.754+0800	INFO	srv/main.go:22	服务器端口开启
2024-04-28T13:30:32.000+0800	INFO	srv/main.go:22	服务器端口开启
2024-05-13T15:13:25.147+0800	INFO	srv/main.go:22	服务器端口开启
2024-05-13T15:13:30.534+0800	ERROR	hander/user.go:53	098e073e-2223-4ddc-a2df-3ef0b4f9fc56access_token
2024-05-13T15:13:30.535+0800	ERROR	hander/user.go:54	eyJhbGciOiJIUzI1NiIsInR5cCI6IkpXVCJ9.eyJNYWlsYm94IjoiMTIxMTAyODUyNUBxcS5jb20iLCJleHAiOjE3MTU1Nzk0NjEsIm5iZiI6MTcxNTU3NTg2MX0.Khi0WdEx-CIksR8ALt6y9Qa07HGSCt9z-UwpNrO3ncs
2024-05-13T15:14:28.038+0800	ERROR	hander/user.go:53	098e073e-2223-4ddc-a2df-3ef0b4f9fc56access_token
2024-05-13T15:14:28.038+0800	ERROR	hander/user.go:54	eyJhbGciOiJIUzI1NiIsInR5cCI6IkpXVCJ9.eyJNYWlsYm94IjoiMTIxMTAyODUyNUBxcS5jb20iLCJleHAiOjE3MTU1Nzk0NjEsIm5iZiI6MTcxNTU3NTg2MX0.Khi0WdEx-CIksR8ALt6y9Qa07HGSCt9z-UwpNrO3ncs
2024-05-13T15:15:47.995+0800	ERROR	hander/user.go:53	098e073e-2223-4ddc-a2df-3ef0b4f9fc56access_token
2024-05-13T15:15:47.995+0800	ERROR	hander/user.go:54	eyJhbGciOiJIUzI1NiIsInR5cCI6IkpXVCJ9.eyJNYWlsYm94IjoiMTIxMTAyODUyNUBxcS5jb20iLCJleHAiOjE3MTU1Nzk0NjEsIm5iZiI6MTcxNTU3NTg2MX0.Khi0WdEx-CIksR8ALt6y9Qa07HGSCt9z-UwpNrO3ncs
2024-05-13T15:19:02.910+0800	ERROR	hander/user.go:53	098e073e-2223-4ddc-a2df-3ef0b4f9fc56access_token
2024-05-13T15:19:02.910+0800	ERROR	hander/user.go:54	eyJhbGciOiJIUzI1NiIsInR5cCI6IkpXVCJ9.eyJNYWlsYm94IjoiMTIxMTAyODUyNUBxcS5jb20iLCJleHAiOjE3MTU1Nzk0NjEsIm5iZiI6MTcxNTU3NTg2MX0.Khi0WdEx-CIksR8ALt6y9Qa07HGSCt9z-UwpNrO3ncs
2024-05-13T15:20:15.371+0800	ERROR	hander/user.go:53	098e073e-2223-4ddc-a2df-3ef0b4f9fc56access_token
2024-05-13T15:20:15.371+0800	ERROR	hander/user.go:54	eyJhbGciOiJIUzI1NiIsInR5cCI6IkpXVCJ9.eyJNYWlsYm94IjoiMTIxMTAyODUyNUBxcS5jb20iLCJleHAiOjE3MTU1Nzk0NjEsIm5iZiI6MTcxNTU3NTg2MX0.Khi0WdEx-CIksR8ALt6y9Qa07HGSCt9z-UwpNrO3ncs
2024-05-13T15:21:10.414+0800	ERROR	hander/user.go:53	098e073e-2223-4ddc-a2df-3ef0b4f9fc56access_token
2024-05-13T15:21:10.414+0800	ERROR	hander/user.go:54	eyJhbGciOiJIUzI1NiIsInR5cCI6IkpXVCJ9.eyJNYWlsYm94IjoiMTIxMTAyODUyNUBxcS5jb20iLCJleHAiOjE3MTU1Nzk0NjEsIm5iZiI6MTcxNTU3NTg2MX0.Khi0WdEx-CIksR8ALt6y9Qa07HGSCt9z-UwpNrO3ncs
2024-05-13T15:57:52.717+0800	ERROR	hander/user.go:53	098e073e-2223-4ddc-a2df-3ef0b4f9fc56access_token
2024-05-13T15:57:52.717+0800	ERROR	hander/user.go:54	
2024-05-13T15:58:40.878+0800	ERROR	hander/user.go:53	098e073e-2223-4ddc-a2df-3ef0b4f9fc56access_token
2024-05-13T15:58:40.878+0800	ERROR	hander/user.go:54	eyJhbGciOiJIUzI1NiIsInR5cCI6IkpXVCJ9.eyJNYWlsYm94IjoiMTIxMTAyODUyNUBxcS5jb20iLCJleHAiOjE3MTU1OTA2ODYsIm5iZiI6MTcxNTU4NzA4Nn0.CoaQjm3Hw3H21DASMpWzDPGZImXTVdlsxOp3AXE77UE
2024-05-13T16:01:08.214+0800	ERROR	hander/user.go:53	098e073e-2223-4ddc-a2df-3ef0b4f9fc56access_token
2024-05-13T16:01:08.214+0800	ERROR	hander/user.go:54	eyJhbGciOiJIUzI1NiIsInR5cCI6IkpXVCJ9.eyJNYWlsYm94IjoiMTIxMTAyODUyNUBxcS5jb20iLCJleHAiOjE3MTU1OTA2ODYsIm5iZiI6MTcxNTU4NzA4Nn0.CoaQjm3Hw3H21DASMpWzDPGZImXTVdlsxOp3AXE77UE
2024-05-13T16:03:02.772+0800	ERROR	hander/user.go:53	098e073e-2223-4ddc-a2df-3ef0b4f9fc56access_token
2024-05-13T16:03:02.774+0800	ERROR	hander/user.go:54	eyJhbGciOiJIUzI1NiIsInR5cCI6IkpXVCJ9.eyJNYWlsYm94IjoiMTIxMTAyODUyNUBxcS5jb20iLCJleHAiOjE3MTU1OTA2ODYsIm5iZiI6MTcxNTU4NzA4Nn0.CoaQjm3Hw3H21DASMpWzDPGZImXTVdlsxOp3AXE77UE
2024-05-13T16:04:54.356+0800	ERROR	hander/user.go:53	098e073e-2223-4ddc-a2df-3ef0b4f9fc56access_token
2024-05-13T16:04:54.356+0800	ERROR	hander/user.go:54	eyJhbGciOiJIUzI1NiIsInR5cCI6IkpXVCJ9.eyJNYWlsYm94IjoiMTIxMTAyODUyNUBxcS5jb20iLCJleHAiOjE3MTU1OTA2ODYsIm5iZiI6MTcxNTU4NzA4Nn0.CoaQjm3Hw3H21DASMpWzDPGZImXTVdlsxOp3AXE77UE
2024-05-13T16:05:44.187+0800	ERROR	hander/user.go:53	098e073e-2223-4ddc-a2df-3ef0b4f9fc56access_token
2024-05-13T16:05:44.187+0800	ERROR	hander/user.go:54	eyJhbGciOiJIUzI1NiIsInR5cCI6IkpXVCJ9.eyJNYWlsYm94IjoiMTIxMTAyODUyNUBxcS5jb20iLCJleHAiOjE3MTU1OTA2ODYsIm5iZiI6MTcxNTU4NzA4Nn0.CoaQjm3Hw3H21DASMpWzDPGZImXTVdlsxOp3AXE77UE
2024-05-13T16:07:26.465+0800	ERROR	hander/user.go:53	098e073e-2223-4ddc-a2df-3ef0b4f9fc56access_token
2024-05-13T16:07:26.466+0800	ERROR	hander/user.go:54	eyJhbGciOiJIUzI1NiIsInR5cCI6IkpXVCJ9.eyJNYWlsYm94IjoiMTIxMTAyODUyNUBxcS5jb20iLCJleHAiOjE3MTU1OTA2ODYsIm5iZiI6MTcxNTU4NzA4Nn0.CoaQjm3Hw3H21DASMpWzDPGZImXTVdlsxOp3AXE77UE
2024-05-13T16:08:44.253+0800	ERROR	hander/user.go:53	098e073e-2223-4ddc-a2df-3ef0b4f9fc56access_token
2024-05-13T16:08:44.254+0800	ERROR	hander/user.go:54	eyJhbGciOiJIUzI1NiIsInR5cCI6IkpXVCJ9.eyJNYWlsYm94IjoiMTIxMTAyODUyNUBxcS5jb20iLCJleHAiOjE3MTU1OTA2ODYsIm5iZiI6MTcxNTU4NzA4Nn0.CoaQjm3Hw3H21DASMpWzDPGZImXTVdlsxOp3AXE77UE
2024-05-13T16:10:00.611+0800	ERROR	hander/user.go:53	098e073e-2223-4ddc-a2df-3ef0b4f9fc56access_token
2024-05-13T16:10:00.611+0800	ERROR	hander/user.go:54	eyJhbGciOiJIUzI1NiIsInR5cCI6IkpXVCJ9.eyJNYWlsYm94IjoiMTIxMTAyODUyNUBxcS5jb20iLCJleHAiOjE3MTU1OTA2ODYsIm5iZiI6MTcxNTU4NzA4Nn0.CoaQjm3Hw3H21DASMpWzDPGZImXTVdlsxOp3AXE77UE
2024-05-13T16:10:39.854+0800	ERROR	hander/user.go:53	098e073e-2223-4ddc-a2df-3ef0b4f9fc56access_token
2024-05-13T16:10:39.854+0800	ERROR	hander/user.go:54	eyJhbGciOiJIUzI1NiIsInR5cCI6IkpXVCJ9.eyJNYWlsYm94IjoiMTIxMTAyODUyNUBxcS5jb20iLCJleHAiOjE3MTU1OTA2ODYsIm5iZiI6MTcxNTU4NzA4Nn0.CoaQjm3Hw3H21DASMpWzDPGZImXTVdlsxOp3AXE77UE
2024-05-13T16:11:13.820+0800	ERROR	hander/user.go:53	098e073e-2223-4ddc-a2df-3ef0b4f9fc56access_token
2024-05-13T16:11:13.821+0800	ERROR	hander/user.go:54	eyJhbGciOiJIUzI1NiIsInR5cCI6IkpXVCJ9.eyJNYWlsYm94IjoiMTIxMTAyODUyNUBxcS5jb20iLCJleHAiOjE3MTU1OTA2ODYsIm5iZiI6MTcxNTU4NzA4Nn0.CoaQjm3Hw3H21DASMpWzDPGZImXTVdlsxOp3AXE77UE
2024-05-13T16:12:08.342+0800	ERROR	hander/user.go:53	098e073e-2223-4ddc-a2df-3ef0b4f9fc56access_token
2024-05-13T16:12:08.343+0800	ERROR	hander/user.go:54	eyJhbGciOiJIUzI1NiIsInR5cCI6IkpXVCJ9.eyJNYWlsYm94IjoiMTIxMTAyODUyNUBxcS5jb20iLCJleHAiOjE3MTU1OTA2ODYsIm5iZiI6MTcxNTU4NzA4Nn0.CoaQjm3Hw3H21DASMpWzDPGZImXTVdlsxOp3AXE77UE
2024-05-13T16:15:36.708+0800	ERROR	hander/user.go:53	098e073e-2223-4ddc-a2df-3ef0b4f9fc56access_token
2024-05-13T16:15:36.709+0800	ERROR	hander/user.go:54	eyJhbGciOiJIUzI1NiIsInR5cCI6IkpXVCJ9.eyJNYWlsYm94IjoiMTIxMTAyODUyNUBxcS5jb20iLCJleHAiOjE3MTU1OTA2ODYsIm5iZiI6MTcxNTU4NzA4Nn0.CoaQjm3Hw3H21DASMpWzDPGZImXTVdlsxOp3AXE77UE
2024-05-13T16:45:37.007+0800	INFO	srv/main.go:22	服务器端口开启
2024-05-13T16:46:03.170+0800	ERROR	hander/user.go:53	098e073e-2223-4ddc-a2df-3ef0b4f9fc56access_token
2024-05-13T16:46:03.171+0800	ERROR	hander/user.go:54	eyJhbGciOiJIUzI1NiIsInR5cCI6IkpXVCJ9.eyJNYWlsYm94IjoiMTIxMTAyODUyNUBxcS5jb20iLCJleHAiOjE3MTU1OTA2ODYsIm5iZiI6MTcxNTU4NzA4Nn0.CoaQjm3Hw3H21DASMpWzDPGZImXTVdlsxOp3AXE77UE
2024-05-13T16:47:59.523+0800	INFO	srv/main.go:22	服务器端口开启
2024-05-13T16:48:05.648+0800	ERROR	hander/user.go:53	098e073e-2223-4ddc-a2df-3ef0b4f9fc56access_token
2024-05-13T16:48:05.649+0800	ERROR	hander/user.go:54	eyJhbGciOiJIUzI1NiIsInR5cCI6IkpXVCJ9.eyJNYWlsYm94IjoiMTIxMTAyODUyNUBxcS5jb20iLCJleHAiOjE3MTU1OTA2ODYsIm5iZiI6MTcxNTU4NzA4Nn0.CoaQjm3Hw3H21DASMpWzDPGZImXTVdlsxOp3AXE77UE
2024-05-13T17:24:23.590+0800	INFO	srv/main.go:22	服务器端口开启
2024-05-13T17:24:49.525+0800	ERROR	hander/user.go:53	098e073e-2223-4ddc-a2df-3ef0b4f9fc56access_token
2024-05-13T17:24:49.525+0800	ERROR	hander/user.go:54	eyJhbGciOiJIUzI1NiIsInR5cCI6IkpXVCJ9.eyJNYWlsYm94IjoiMTIxMTAyODUyNUBxcS5jb20iLCJleHAiOjE3MTU1OTA2ODYsIm5iZiI6MTcxNTU4NzA4Nn0.CoaQjm3Hw3H21DASMpWzDPGZImXTVdlsxOp3AXE77UE
2024-05-13T17:33:23.649+0800	ERROR	hander/user.go:53	098e073e-2223-4ddc-a2df-3ef0b4f9fc56access_token
2024-05-13T17:33:23.649+0800	ERROR	hander/user.go:54	eyJhbGciOiJIUzI1NiIsInR5cCI6IkpXVCJ9.eyJNYWlsYm94IjoiMTIxMTAyODUyNUBxcS5jb20iLCJleHAiOjE3MTU1OTA2ODYsIm5iZiI6MTcxNTU4NzA4Nn0.CoaQjm3Hw3H21DASMpWzDPGZImXTVdlsxOp3AXE77UE
2024-07-30T16:18:45.990+0800	INFO	srv/main.go:22	服务器端口开启
2024-08-04T23:42:01.034+0800	INFO	srv/main.go:22	服务器端口开启
2024-08-05T00:23:16.207+0800	ERROR	hander/user.go:423	invalid connection
2024-08-05T16:10:46.717+0800	INFO	srv/main.go:22	服务器端口开启
2024-08-06T17:45:25.695+0800	INFO	srv/main.go:22	服务器端口开启
2024-08-06T18:56:03.603+0800	INFO	srv/main.go:22	服务器端口开启
2024-08-06T18:57:26.180+0800	INFO	srv/main.go:22	服务器端口开启
